<?xml version="1.0" encoding="UTF-8"?>
<testsuite xmlns:xsi="http://www.w3.org/2001/XMLSchema-instance" xsi:noNamespaceSchemaLocation="https://maven.apache.org/surefire/maven-surefire-plugin/xsd/surefire-test-report-3.0.xsd" version="3.0" name="TestSuite" time="69.807" tests="18" errors="0" skipped="0" failures="16">
  <properties>
[...]
</properties>
  <testcase name="runScenario[&quot;Header validation&quot;, &quot;Home Page Test&quot;](1)" classname="TestRunner.Runner" time="0.137">
    <failure message="Cannot invoke &quot;Object.toString()&quot; because the return value of &quot;java.util.Properties.get(Object)&quot; is null" type="java.lang.NullPointerException"><![CDATA[java.lang.NullPointerException: Cannot invoke "Object.toString()" because the return value of "java.util.Properties.get(Object)" is null
	at com.qa.base.ConfigReader.loadProperties(ConfigReader.java:26)
	at com.stepDefs.Hooks.setUp(Hooks.java:20)
]]></failure>
    <system-out><![CDATA[
Scenario: Welcome block validation                               &amp#27;[90m# src/test/resources/features/home_page.feature:21&amp#27;[0m

Scenario: Field validations truck                                   &amp#27;[90m# src/test/resources/features/enter_vehicle_data_page.feature:22&amp#27;[0m

Scenario: Footer validation                                   &amp#27;[90m# src/test/resources/features/home_page.feature:38&amp#27;[0m

Scenario: Field validations camper                                  &amp#27;[90m# src/test/resources/features/enter_vehicle_data_page.feature:63&amp#27;[0m

Scenario: Field validations truck                                   &amp#27;[90m# src/test/resources/features/enter_vehicle_data_page.feature:22&amp#27;[0m

Scenario: Footer validation                                   &amp#27;[90m# src/test/resources/features/home_page.feature:38&amp#27;[0m

Scenario: Field validations automobile                              &amp#27;[90m# src/test/resources/features/enter_vehicle_data_page.feature:3&amp#27;[0m

Scenario: Field validations automobile                              &amp#27;[90m# src/test/resources/features/enter_vehicle_data_page.feature:3&amp#27;[0m

Scenario: Header validation                                         &amp#27;[90m# src/test/resources/features/home_page.feature:3&amp#27;[0m

Scenario: Field validations motorcycle                              &amp#27;[90m# src/test/resources/features/enter_vehicle_data_page.feature:43&amp#27;[0m

Scenario: Slider validation                                   &amp#27;[90m# src/test/resources/features/home_page.feature:16&amp#27;[0m

Scenario: Field validations camper                                  &amp#27;[90m# src/test/resources/features/enter_vehicle_data_page.feature:63&amp#27;[0m

Scenario: Insurance block validation                          &amp#27;[90m# src/test/resources/features/home_page.feature:29&amp#27;[0m

Scenario: Header validation                                         &amp#27;[90m# src/test/resources/features/home_page.feature:3&amp#27;[0m

Scenario: Field validations motorcycle                              &amp#27;[90m# src/test/resources/features/enter_vehicle_data_page.feature:43&amp#27;[0m

Scenario: Slider validation                                   &amp#27;[90m# src/test/resources/features/home_page.feature:16&amp#27;[0m

Scenario: Insurance block validation                          &amp#27;[90m# src/test/resources/features/home_page.feature:29&amp#27;[0m

Scenario: Welcome block validation                               &amp#27;[90m# src/test/resources/features/home_page.feature:21&amp#27;[0m
      &amp#27;[31mjava.lang.NullPointerException: Cannot invoke "Object.toString()" because the return value of "java.util.Properties.get(Object)" is null
	at com.qa.base.ConfigReader.loadProperties(ConfigReader.java:26)
	at com.stepDefs.Hooks.setUp(Hooks.java:20)
&amp#27;[0m
  &amp#27;[36mAnd &amp#27;[0m&amp#27;[36mUser verify page title is &amp#27;[0m&amp#27;[36m&amp#27;[1m"Tricentis Vehicle Insurance"&amp#27;[0m       &amp#27;[90m# com.stepDefs.CommonStepDefinitions.verifyPageTitle(java.lang.String)&amp#27;[0m
  &amp#27;[36mAnd &amp#27;[0m&amp#27;[36mUser verify tricentics logo is displayed and enabled&amp#27;[0m          &amp#27;[90m# com.stepDefs.HomePageStepDefinitions.verifyLogo()&amp#27;[0m
  &amp#27;[36mAnd &amp#27;[0m&amp#27;[36mUser verify tricentics title is displayed and enabled&amp#27;[0m         &amp#27;[90m# com.stepDefs.HomePageStepDefinitions.verifyTitle()&amp#27;[0m
  &amp#27;[36mAnd &amp#27;[0m&amp#27;[36mUser verify tricentics description is displayed and enabled&amp#27;[0m   &amp#27;[90m# com.stepDefs.HomePageStepDefinitions.verifyDescription()&amp#27;[0m
  &amp#27;[36mAnd &amp#27;[0m&amp#27;[36mUser verify search support input box is displayed and enabled&amp#27;[0m &amp#27;[90m# com.stepDefs.HomePageStepDefinitions.verifySearchBox()&amp#27;[0m
  &amp#27;[36mAnd &amp#27;[0m&amp#27;[36mUser verify support button is displayed and enabled&amp#27;[0m           &amp#27;[90m# com.stepDefs.HomePageStepDefinitions.verifySupportButton()&amp#27;[0m
  &amp#27;[36mAnd &amp#27;[0m&amp#27;[36mUser verify Automobile link is displayed and enabled&amp#27;[0m          &amp#27;[90m# com.stepDefs.HomePageStepDefinitions.verifyAutomobileLink()&amp#27;[0m
  &amp#27;[36mAnd &amp#27;[0m&amp#27;[36mUser verify Truck link is displayed and enabled&amp#27;[0m               &amp#27;[90m# com.stepDefs.HomePageStepDefinitions.verifyTruckLink()&amp#27;[0m
  &amp#27;[36mAnd &amp#27;[0m&amp#27;[36mUser verify Motor cycle link is displayed and enabled&amp#27;[0m         &amp#27;[90m# com.stepDefs.HomePageStepDefinitions.verifyMotorCycleLink()&amp#27;[0m
  &amp#27;[36mAnd &amp#27;[0m&amp#27;[36mUser verify Camper link is displayed and enabled&amp#27;[0m              &amp#27;[90m# com.stepDefs.HomePageStepDefinitions.verifyCamperLink()&amp#27;[0m
      &amp#27;[31mjava.lang.NullPointerException: Cannot invoke "org.openqa.selenium.WebDriver.close()" because the return value of "com.qa.base.DriverFactory.getDriver()" is null
	at com.stepDefs.Hooks.tearDown(Hooks.java:37)
&amp#27;[0m
]]></system-out>
    <system-err><![CDATA[SLF4J(W): No SLF4J providers were found.
SLF4J(W): Defaulting to no-operation (NOP) logger implementation
SLF4J(W): See https://www.slf4j.org/codes.html#noProviders for further details.
]]></system-err>
  </testcase>
  <testcase name="runScenario[&quot;Header validation&quot;, &quot;Home Page Test&quot;](1)" classname="TestRunner.Runner" time="46.009">
    <failure message="timeout: Timed out receiving message from renderer: 18.786&#10;  (Session info: chrome=129.0.6668.101)&#10;Build info: version: &apos;4.16.1&apos;, revision: &apos;9b4c83354e&apos;&#10;System info: os.name: &apos;Windows 10&apos;, os.arch: &apos;amd64&apos;, os.version: &apos;10.0&apos;, java.version: &apos;17&apos;&#10;Driver info: org.openqa.selenium.chrome.ChromeDriver&#10;Command: [76363c5821e0313861cff9be2a4abecd, get {url=https://sampleapp.tricentis.com/101/}]&#10;Capabilities {acceptInsecureCerts: false, browserName: chrome, browserVersion: 129.0.6668.101, chrome: {chromedriverVersion: 129.0.6668.89 (951c0b97221f..., userDataDir: C:\Users\HP\AppData\Local\T...}, fedcm:accounts: true, goog:chromeOptions: {debuggerAddress: localhost:60310}, networkConnectionEnabled: false, pageLoadStrategy: normal, platformName: windows, proxy: Proxy(), se:cdp: ws://localhost:60310/devtoo..., se:cdpVersion: 129.0.6668.101, setWindowRect: true, strictFileInteractability: false, timeouts: {implicit: 0, pageLoad: 300000, script: 30000}, unhandledPromptBehavior: dismiss and notify, webauthn:extension:credBlob: true, webauthn:extension:largeBlob: true, webauthn:extension:minPinLength: true, webauthn:extension:prf: true, webauthn:virtualAuthenticators: true}&#10;Session ID: 76363c5821e0313861cff9be2a4abecd" type="org.openqa.selenium.TimeoutException"><![CDATA[org.openqa.selenium.TimeoutException: 
timeout: Timed out receiving message from renderer: 18.786
  (Session info: chrome=129.0.6668.101)
Build info: version: '4.16.1', revision: '9b4c83354e'
System info: os.name: 'Windows 10', os.arch: 'amd64', os.version: '10.0', java.version: '17'
Driver info: org.openqa.selenium.chrome.ChromeDriver
Command: [76363c5821e0313861cff9be2a4abecd, get {url=https://sampleapp.tricentis.com/101/}]
Capabilities {acceptInsecureCerts: false, browserName: chrome, browserVersion: 129.0.6668.101, chrome: {chromedriverVersion: 129.0.6668.89 (951c0b97221f..., userDataDir: C:\Users\HP\AppData\Local\T...}, fedcm:accounts: true, goog:chromeOptions: {debuggerAddress: localhost:60310}, networkConnectionEnabled: false, pageLoadStrategy: normal, platformName: windows, proxy: Proxy(), se:cdp: ws://localhost:60310/devtoo..., se:cdpVersion: 129.0.6668.101, setWindowRect: true, strictFileInteractability: false, timeouts: {implicit: 0, pageLoad: 300000, script: 30000}, unhandledPromptBehavior: dismiss and notify, webauthn:extension:credBlob: true, webauthn:extension:largeBlob: true, webauthn:extension:minPinLength: true, webauthn:extension:prf: true, webauthn:virtualAuthenticators: true}
Session ID: 76363c5821e0313861cff9be2a4abecd
	at java.base/jdk.internal.reflect.NativeConstructorAccessorImpl.newInstance0(Native Method)
	at java.base/jdk.internal.reflect.NativeConstructorAccessorImpl.newInstance(NativeConstructorAccessorImpl.java:77)
	at java.base/jdk.internal.reflect.DelegatingConstructorAccessorImpl.newInstance(DelegatingConstructorAccessorImpl.java:45)
	at java.base/java.lang.reflect.Constructor.newInstanceWithCaller(Constructor.java:499)
	at java.base/java.lang.reflect.Constructor.newInstance(Constructor.java:480)
	at org.openqa.selenium.remote.codec.w3c.W3CHttpResponseCodec.createException(W3CHttpResponseCodec.java:200)
	at org.openqa.selenium.remote.codec.w3c.W3CHttpResponseCodec.decode(W3CHttpResponseCodec.java:133)
	at org.openqa.selenium.remote.codec.w3c.W3CHttpResponseCodec.decode(W3CHttpResponseCodec.java:52)
	at org.openqa.selenium.remote.HttpCommandExecutor.execute(HttpCommandExecutor.java:191)
	at org.openqa.selenium.remote.service.DriverCommandExecutor.invokeExecute(DriverCommandExecutor.java:200)
	at org.openqa.selenium.remote.service.DriverCommandExecutor.execute(DriverCommandExecutor.java:175)
	at org.openqa.selenium.remote.RemoteWebDriver.execute(RemoteWebDriver.java:523)
	at org.openqa.selenium.remote.RemoteWebDriver.get(RemoteWebDriver.java:305)
	at com.stepDefs.Hooks.setUp(Hooks.java:33)
]]></failure>
    <system-out><![CDATA[      &amp#27;[31morg.openqa.selenium.TimeoutException: timeout: Timed out receiving message from renderer: 18.907
  (Session info: chrome=129.0.6668.101)
Build info: version: '4.16.1', revision: '9b4c83354e'
System info: os.name: 'Windows 10', os.arch: 'amd64', os.version: '10.0', java.version: '17'
Driver info: org.openqa.selenium.chrome.ChromeDriver
Command: [df02f7937499e7f26b8d5479f567e3bf, get {url=https://sampleapp.tricentis.com/101/}]
Capabilities {acceptInsecureCerts: false, browserName: chrome, browserVersion: 129.0.6668.101, chrome: {chromedriverVersion: 129.0.6668.89 (951c0b97221f..., userDataDir: C:\Users\HP\AppData\Local\T...}, fedcm:accounts: true, goog:chromeOptions: {debuggerAddress: localhost:60317}, networkConnectionEnabled: false, pageLoadStrategy: normal, platformName: windows, proxy: Proxy(), se:cdp: ws://localhost:60317/devtoo..., se:cdpVersion: 129.0.6668.101, setWindowRect: true, strictFileInteractability: false, timeouts: {implicit: 0, pageLoad: 300000, script: 30000}, unhandledPromptBehavior: dismiss and notify, webauthn:extension:credBlob: true, webauthn:extension:largeBlob: true, webauthn:extension:minPinLength: true, webauthn:extension:prf: true, webauthn:virtualAuthenticators: true}
Session ID: df02f7937499e7f26b8d5479f567e3bf
	at java.base/jdk.internal.reflect.NativeConstructorAccessorImpl.newInstance0(Native Method)
	at java.base/jdk.internal.reflect.NativeConstructorAccessorImpl.newInstance(NativeConstructorAccessorImpl.java:77)
	at java.base/jdk.internal.reflect.DelegatingConstructorAccessorImpl.newInstance(DelegatingConstructorAccessorImpl.java:45)
	at java.base/java.lang.reflect.Constructor.newInstanceWithCaller(Constructor.java:499)
	at java.base/java.lang.reflect.Constructor.newInstance(Constructor.java:480)
	at org.openqa.selenium.remote.codec.w3c.W3CHttpResponseCodec.createException(W3CHttpResponseCodec.java:200)
	at org.openqa.selenium.remote.codec.w3c.W3CHttpResponseCodec.decode(W3CHttpResponseCodec.java:133)
	at org.openqa.selenium.remote.codec.w3c.W3CHttpResponseCodec.decode(W3CHttpResponseCodec.java:52)
	at org.openqa.selenium.remote.HttpCommandExecutor.execute(HttpCommandExecutor.java:191)
	at org.openqa.selenium.remote.service.DriverCommandExecutor.invokeExecute(DriverCommandExecutor.java:200)
	at org.openqa.selenium.remote.service.DriverCommandExecutor.execute(DriverCommandExecutor.java:175)
	at org.openqa.selenium.remote.RemoteWebDriver.execute(RemoteWebDriver.java:523)
	at org.openqa.selenium.remote.RemoteWebDriver.get(RemoteWebDriver.java:305)
	at com.stepDefs.Hooks.setUp(Hooks.java:33)
&amp#27;[0m
  &amp#27;[31mAnd &amp#27;[0m&amp#27;[31mUser verify page title is &amp#27;[0m&amp#27;[31m&amp#27;[1m"Tricentis Vehicle Insurance"&amp#27;[0m       &amp#27;[90m# com.stepDefs.CommonStepDefinitions.verifyPageTitle(java.lang.String)&amp#27;[0m
      &amp#27;[31morg.openqa.selenium.TimeoutException: timeout: Timed out receiving message from renderer: 20.000
  (Session info: chrome=129.0.6668.101)
Build info: version: '4.16.1', revision: '9b4c83354e'
System info: os.name: 'Windows 10', os.arch: 'amd64', os.version: '10.0', java.version: '17'
Driver info: org.openqa.selenium.chrome.ChromeDriver
Command: [4edc6400f511b1faf1ab4b8010e364cb, getTitle {}]
Capabilities {acceptInsecureCerts: false, browserName: chrome, browserVersion: 129.0.6668.101, chrome: {chromedriverVersion: 129.0.6668.89 (951c0b97221f..., userDataDir: C:\Users\HP\AppData\Local\T...}, fedcm:accounts: true, goog:chromeOptions: {debuggerAddress: localhost:60295}, networkConnectionEnabled: false, pageLoadStrategy: normal, platformName: windows, proxy: Proxy(), se:cdp: ws://localhost:60295/devtoo..., se:cdpVersion: 129.0.6668.101, setWindowRect: true, strictFileInteractability: false, timeouts: {implicit: 0, pageLoad: 300000, script: 30000}, unhandledPromptBehavior: dismiss and notify, webauthn:extension:credBlob: true, webauthn:extension:largeBlob: true, webauthn:extension:minPinLength: true, webauthn:extension:prf: true, webauthn:virtualAuthenticators: true}
Session ID: 4edc6400f511b1faf1ab4b8010e364cb
	at java.base/jdk.internal.reflect.NativeConstructorAccessorImpl.newInstance0(Native Method)
	at java.base/jdk.internal.reflect.NativeConstructorAccessorImpl.newInstance(NativeConstructorAccessorImpl.java:77)
	at java.base/jdk.internal.reflect.DelegatingConstructorAccessorImpl.newInstance(DelegatingConstructorAccessorImpl.java:45)
	at java.base/java.lang.reflect.Constructor.newInstanceWithCaller(Constructor.java:499)
	at java.base/java.lang.reflect.Constructor.newInstance(Constructor.java:480)
	at org.openqa.selenium.remote.codec.w3c.W3CHttpResponseCodec.createException(W3CHttpResponseCodec.java:200)
	at org.openqa.selenium.remote.codec.w3c.W3CHttpResponseCodec.decode(W3CHttpResponseCodec.java:133)
	at org.openqa.selenium.remote.codec.w3c.W3CHttpResponseCodec.decode(W3CHttpResponseCodec.java:52)
	at org.openqa.selenium.remote.HttpCommandExecutor.execute(HttpCommandExecutor.java:191)
	at org.openqa.selenium.remote.service.DriverCommandExecutor.invokeExecute(DriverCommandExecutor.java:200)
	at org.openqa.selenium.remote.service.DriverCommandExecutor.execute(DriverCommandExecutor.java:175)
	at org.openqa.selenium.remote.RemoteWebDriver.execute(RemoteWebDriver.java:523)
	at org.openqa.selenium.remote.RemoteWebDriver.execute(RemoteWebDriver.java:596)
	at org.openqa.selenium.remote.RemoteWebDriver.execute(RemoteWebDriver.java:600)
	at org.openqa.selenium.remote.RemoteWebDriver.getTitle(RemoteWebDriver.java:310)
	at com.stepDefs.CommonStepDefinitions.verifyPageTitle(CommonStepDefinitions.java:48)
	at âœ½.User verify page title is "Tricentis Vehicle Insurance"(file:///C:/Users/HP/eclipse-workspace/Cucumber_AutoFrwrk_InsuranceApp/src/test/resources/features/enter_vehicle_data_page.feature:65)
&amp#27;[0m
  &amp#27;[36mAnd &amp#27;[0m&amp#27;[36mUser click on camper link&amp#27;[0m                                     &amp#27;[90m# com.stepDefs.EnterVehicleDataPageStepDefs.clickOnCamperLink()&amp#27;[0m
  &amp#27;[36mAnd &amp#27;[0m&amp#27;[36mUser verify breadcrumb text is &amp#27;[0m&amp#27;[36m&amp#27;[1m"Camper Insurance"&amp#27;[0m             &amp#27;[90m# com.stepDefs.CommonStepDefinitions.verifyBreadCrumbText(java.lang.String)&amp#27;[0m
  &amp#27;[36mAnd &amp#27;[0m&amp#27;[36mUser verify Enter vehicle data tab is displayed on page&amp#27;[0m       &amp#27;[90m# com.stepDefs.EnterVehicleDataPageStepDefs.verifyDataTab()&amp#27;[0m
  &amp#27;[36mAnd &amp#27;[0m&amp#27;[36mUser verify Enter vehicle data tab count is &amp#27;[0m&amp#27;[36m&amp#27;[1m"9"&amp#27;[0m               &amp#27;[90m# com.stepDefs.EnterVehicleDataPageStepDefs.verifyDataTabCount(java.lang.String)&amp#27;[0m
  &amp#27;[36mAnd &amp#27;[0m&amp#27;[36mUser verify Enter insurant data tab is displayed on page&amp#27;[0m      &amp#27;[90m# com.stepDefs.EnterVehicleDataPageStepDefs.verifyInsurantDataTab()&amp#27;[0m
  &amp#27;[36mAnd &amp#27;[0m&amp#27;[36mUser verify Enter product data tab is displayed on page&amp#27;[0m       &amp#27;[90m# com.stepDefs.EnterVehicleDataPageStepDefs.verifyProductDataTab()&amp#27;[0m
  &amp#27;[36mAnd &amp#27;[0m&amp#27;[36mUser verify select price option tab is displayed on page&amp#27;[0m      &amp#27;[90m# com.stepDefs.EnterVehicleDataPageStepDefs.verifySelectPriceOptionTab()&amp#27;[0m
  &amp#27;[36mAnd &amp#27;[0m&amp#27;[36mUser verify send quote tab is displayed on page&amp#27;[0m               &amp#27;[90m# com.stepDefs.EnterVehicleDataPageStepDefs.verifySendQuoteTab()&amp#27;[0m
  &amp#27;[36mAnd &amp#27;[0m&amp#27;[36mUser verify make dropdown is displayed on page&amp#27;[0m                &amp#27;[90m# com.stepDefs.EnterVehicleDataPageStepDefs.verifyMakeDropDisplayed()&amp#27;[0m
  &amp#27;[36mAnd &amp#27;[0m&amp#27;[36mUser verify engine performance input box is displayed on page&amp#27;[0m &amp#27;[90m# com.stepDefs.EnterVehicleDataPageStepDefs.verifyEnginePerformanceDisplayed()&amp#27;[0m
  &amp#27;[36mAnd &amp#27;[0m&amp#27;[36mUser verify date of manufacture is displayed on page&amp#27;[0m          &amp#27;[90m# com.stepDefs.EnterVehicleDataPageStepDefs.verifyManufactureDateDisplayed()&amp#27;[0m
  &amp#27;[36mAnd &amp#27;[0m&amp#27;[36mUser verify fuel type dropdown is displayed on page&amp#27;[0m           &amp#27;[90m# com.stepDefs.EnterVehicleDataPageStepDefs.verifyFuelTypeDropDisplayed()&amp#27;[0m
  &amp#27;[36mAnd &amp#27;[0m&amp#27;[36mUser verify payload input box is displayed on page&amp#27;[0m            &amp#27;[90m# com.stepDefs.EnterVehicleDataPageStepDefs.verifyPayloadBoxDisplayed()&amp#27;[0m
  &amp#27;[36mAnd &amp#27;[0m&amp#27;[36mUser verify total weight input box is displayed on page&amp#27;[0m       &amp#27;[90m# com.stepDefs.EnterVehicleDataPageStepDefs.verifyTotalWeightDisplayed()&amp#27;[0m
  &amp#27;[36mAnd &amp#27;[0m&amp#27;[36mUser verify list price dropdown is displayed on page&amp#27;[0m          &amp#27;[90m# com.stepDefs.EnterVehicleDataPageStepDefs.verifyListPriceDisplayed()&amp#27;[0m
  &amp#27;[36mAnd &amp#27;[0m&amp#27;[36mUser verify annual mileage is displayed on page&amp#27;[0m               &amp#27;[90m# com.stepDefs.EnterVehicleDataPageStepDefs.verifyAnnualMileageDisplayed()&amp#27;[0m
  &amp#27;[36mAnd &amp#27;[0m&amp#27;[36mUser verify license plate input box is displayed on page&amp#27;[0m      &amp#27;[90m# com.stepDefs.EnterVehicleDataPageStepDefs.verifyLicensePlateDisplayed()&amp#27;[0m
  &amp#27;[36mAnd &amp#27;[0m&amp#27;[36mUser verify page title is &amp#27;[0m&amp#27;[36m&amp#27;[1m"Tricentis Vehicle Insurance"&amp#27;[0m &amp#27;[90m# com.stepDefs.CommonStepDefinitions.verifyPageTitle(java.lang.String)&amp#27;[0m
  &amp#27;[36mAnd &amp#27;[0m&amp#27;[36mUser verify insurance block header is displayed&amp#27;[0m         &amp#27;[90m# com.stepDefs.HomePageStepDefinitions.verifyInsuranceBlock()&amp#27;[0m
  &amp#27;[36mAnd &amp#27;[0m&amp#27;[36mUser verify automobile image is displayed&amp#27;[0m               &amp#27;[90m# com.stepDefs.HomePageStepDefinitions.verifyAutomobileImage()&amp#27;[0m
  &amp#27;[36mAnd &amp#27;[0m&amp#27;[36mUser verify camper image is displayed&amp#27;[0m                   &amp#27;[90m# com.stepDefs.HomePageStepDefinitions.verifyCamperImage()&amp#27;[0m
  &amp#27;[36mAnd &amp#27;[0m&amp#27;[36mUser verify truck image is displayed&amp#27;[0m                    &amp#27;[90m# com.stepDefs.HomePageStepDefinitions.verifyTruckImage()&amp#27;[0m
  &amp#27;[36mAnd &amp#27;[0m&amp#27;[36mUser verify motorcycle image is displayed&amp#27;[0m               &amp#27;[90m# com.stepDefs.HomePageStepDefinitions.verifyMotorCycleImage()&amp#27;[0m
      &amp#27;[31morg.openqa.selenium.TimeoutException: timeout: Timed out receiving message from renderer: 18.816
  (Session info: chrome=129.0.6668.101)
Build info: version: '4.16.1', revision: '9b4c83354e'
System info: os.name: 'Windows 10', os.arch: 'amd64', os.version: '10.0', java.version: '17'
Driver info: org.openqa.selenium.chrome.ChromeDriver
Command: [9c4ae7b0eef3a37a12f6877979c425ca, get {url=https://sampleapp.tricentis.com/101/}]
Capabilities {acceptInsecureCerts: false, browserName: chrome, browserVersion: 129.0.6668.101, chrome: {chromedriverVersion: 129.0.6668.89 (951c0b97221f..., userDataDir: C:\Users\HP\AppData\Local\T...}, fedcm:accounts: true, goog:chromeOptions: {debuggerAddress: localhost:60298}, networkConnectionEnabled: false, pageLoadStrategy: normal, platformName: windows, proxy: Proxy(), se:cdp: ws://localhost:60298/devtoo..., se:cdpVersion: 129.0.6668.101, setWindowRect: true, strictFileInteractability: false, timeouts: {implicit: 0, pageLoad: 300000, script: 30000}, unhandledPromptBehavior: dismiss and notify, webauthn:extension:credBlob: true, webauthn:extension:largeBlob: true, webauthn:extension:minPinLength: true, webauthn:extension:prf: true, webauthn:virtualAuthenticators: true}
Session ID: 9c4ae7b0eef3a37a12f6877979c425ca
	at java.base/jdk.internal.reflect.NativeConstructorAccessorImpl.newInstance0(Native Method)
	at java.base/jdk.internal.reflect.NativeConstructorAccessorImpl.newInstance(NativeConstructorAccessorImpl.java:77)
	at java.base/jdk.internal.reflect.DelegatingConstructorAccessorImpl.newInstance(DelegatingConstructorAccessorImpl.java:45)
	at java.base/java.lang.reflect.Constructor.newInstanceWithCaller(Constructor.java:499)
	at java.base/java.lang.reflect.Constructor.newInstance(Constructor.java:480)
	at org.openqa.selenium.remote.codec.w3c.W3CHttpResponseCodec.createException(W3CHttpResponseCodec.java:200)
	at org.openqa.selenium.remote.codec.w3c.W3CHttpResponseCodec.decode(W3CHttpResponseCodec.java:133)
	at org.openqa.selenium.remote.codec.w3c.W3CHttpResponseCodec.decode(W3CHttpResponseCodec.java:52)
	at org.openqa.selenium.remote.HttpCommandExecutor.execute(HttpCommandExecutor.java:191)
	at org.openqa.selenium.remote.service.DriverCommandExecutor.invokeExecute(DriverCommandExecutor.java:200)
	at org.openqa.selenium.remote.service.DriverCommandExecutor.execute(DriverCommandExecutor.java:175)
	at org.openqa.selenium.remote.RemoteWebDriver.execute(RemoteWebDriver.java:523)
	at org.openqa.selenium.remote.RemoteWebDriver.get(RemoteWebDriver.java:305)
	at com.stepDefs.Hooks.setUp(Hooks.java:33)
&amp#27;[0m
  &amp#27;[36mAnd &amp#27;[0m&amp#27;[36mUser verify page title is &amp#27;[0m&amp#27;[36m&amp#27;[1m"Tricentis Vehicle Insurance"&amp#27;[0m &amp#27;[90m# com.stepDefs.CommonStepDefinitions.verifyPageTitle(java.lang.String)&amp#27;[0m
  &amp#27;[36mAnd &amp#27;[0m&amp#27;[36mUser verify insurance block header is displayed&amp#27;[0m         &amp#27;[90m# com.stepDefs.HomePageStepDefinitions.verifyInsuranceBlock()&amp#27;[0m
  &amp#27;[36mAnd &amp#27;[0m&amp#27;[36mUser verify automobile image is displayed&amp#27;[0m               &amp#27;[90m# com.stepDefs.HomePageStepDefinitions.verifyAutomobileImage()&amp#27;[0m
  &amp#27;[36mAnd &amp#27;[0m&amp#27;[36mUser verify camper image is displayed&amp#27;[0m                   &amp#27;[90m# com.stepDefs.HomePageStepDefinitions.verifyCamperImage()&amp#27;[0m
  &amp#27;[36mAnd &amp#27;[0m&amp#27;[36mUser verify truck image is displayed&amp#27;[0m                    &amp#27;[90m# com.stepDefs.HomePageStepDefinitions.verifyTruckImage()&amp#27;[0m
  &amp#27;[36mAnd &amp#27;[0m&amp#27;[36mUser verify motorcycle image is displayed&amp#27;[0m               &amp#27;[90m# com.stepDefs.HomePageStepDefinitions.verifyMotorCycleImage()&amp#27;[0m
      &amp#27;[31morg.openqa.selenium.TimeoutException: timeout: Timed out receiving message from renderer: 18.786
  (Session info: chrome=129.0.6668.101)
Build info: version: '4.16.1', revision: '9b4c83354e'
System info: os.name: 'Windows 10', os.arch: 'amd64', os.version: '10.0', java.version: '17'
Driver info: org.openqa.selenium.chrome.ChromeDriver
Command: [76363c5821e0313861cff9be2a4abecd, get {url=https://sampleapp.tricentis.com/101/}]
Capabilities {acceptInsecureCerts: false, browserName: chrome, browserVersion: 129.0.6668.101, chrome: {chromedriverVersion: 129.0.6668.89 (951c0b97221f..., userDataDir: C:\Users\HP\AppData\Local\T...}, fedcm:accounts: true, goog:chromeOptions: {debuggerAddress: localhost:60310}, networkConnectionEnabled: false, pageLoadStrategy: normal, platformName: windows, proxy: Proxy(), se:cdp: ws://localhost:60310/devtoo..., se:cdpVersion: 129.0.6668.101, setWindowRect: true, strictFileInteractability: false, timeouts: {implicit: 0, pageLoad: 300000, script: 30000}, unhandledPromptBehavior: dismiss and notify, webauthn:extension:credBlob: true, webauthn:extension:largeBlob: true, webauthn:extension:minPinLength: true, webauthn:extension:prf: true, webauthn:virtualAuthenticators: true}
Session ID: 76363c5821e0313861cff9be2a4abecd
	at java.base/jdk.internal.reflect.NativeConstructorAccessorImpl.newInstance0(Native Method)
	at java.base/jdk.internal.reflect.NativeConstructorAccessorImpl.newInstance(NativeConstructorAccessorImpl.java:77)
	at java.base/jdk.internal.reflect.DelegatingConstructorAccessorImpl.newInstance(DelegatingConstructorAccessorImpl.java:45)
	at java.base/java.lang.reflect.Constructor.newInstanceWithCaller(Constructor.java:499)
	at java.base/java.lang.reflect.Constructor.newInstance(Constructor.java:480)
	at org.openqa.selenium.remote.codec.w3c.W3CHttpResponseCodec.createException(W3CHttpResponseCodec.java:200)
	at org.openqa.selenium.remote.codec.w3c.W3CHttpResponseCodec.decode(W3CHttpResponseCodec.java:133)
	at org.openqa.selenium.remote.codec.w3c.W3CHttpResponseCodec.decode(W3CHttpResponseCodec.java:52)
	at org.openqa.selenium.remote.HttpCommandExecutor.execute(HttpCommandExecutor.java:191)
	at org.openqa.selenium.remote.service.DriverCommandExecutor.invokeExecute(DriverCommandExecutor.java:200)
	at org.openqa.selenium.remote.service.DriverCommandExecutor.execute(DriverCommandExecutor.java:175)
	at org.openqa.selenium.remote.RemoteWebDriver.execute(RemoteWebDriver.java:523)
	at org.openqa.selenium.remote.RemoteWebDriver.get(RemoteWebDriver.java:305)
	at com.stepDefs.Hooks.setUp(Hooks.java:33)
&amp#27;[0m
  &amp#27;[36mAnd &amp#27;[0m&amp#27;[36mUser verify page title is &amp#27;[0m&amp#27;[36m&amp#27;[1m"Tricentis Vehicle Insurance"&amp#27;[0m       &amp#27;[90m# com.stepDefs.CommonStepDefinitions.verifyPageTitle(java.lang.String)&amp#27;[0m
  &amp#27;[36mAnd &amp#27;[0m&amp#27;[36mUser verify tricentics logo is displayed and enabled&amp#27;[0m          &amp#27;[90m# com.stepDefs.HomePageStepDefinitions.verifyLogo()&amp#27;[0m
  &amp#27;[36mAnd &amp#27;[0m&amp#27;[36mUser verify tricentics title is displayed and enabled&amp#27;[0m         &amp#27;[90m# com.stepDefs.HomePageStepDefinitions.verifyTitle()&amp#27;[0m
  &amp#27;[36mAnd &amp#27;[0m&amp#27;[36mUser verify tricentics description is displayed and enabled&amp#27;[0m   &amp#27;[90m# com.stepDefs.HomePageStepDefinitions.verifyDescription()&amp#27;[0m
  &amp#27;[36mAnd &amp#27;[0m&amp#27;[36mUser verify search support input box is displayed and enabled&amp#27;[0m &amp#27;[90m# com.stepDefs.HomePageStepDefinitions.verifySearchBox()&amp#27;[0m
  &amp#27;[36mAnd &amp#27;[0m&amp#27;[36mUser verify support button is displayed and enabled&amp#27;[0m           &amp#27;[90m# com.stepDefs.HomePageStepDefinitions.verifySupportButton()&amp#27;[0m
  &amp#27;[36mAnd &amp#27;[0m&amp#27;[36mUser verify Automobile link is displayed and enabled&amp#27;[0m          &amp#27;[90m# com.stepDefs.HomePageStepDefinitions.verifyAutomobileLink()&amp#27;[0m
  &amp#27;[36mAnd &amp#27;[0m&amp#27;[36mUser verify Truck link is displayed and enabled&amp#27;[0m               &amp#27;[90m# com.stepDefs.HomePageStepDefinitions.verifyTruckLink()&amp#27;[0m
  &amp#27;[36mAnd &amp#27;[0m&amp#27;[36mUser verify Motor cycle link is displayed and enabled&amp#27;[0m         &amp#27;[90m# com.stepDefs.HomePageStepDefinitions.verifyMotorCycleLink()&amp#27;[0m
  &amp#27;[36mAnd &amp#27;[0m&amp#27;[36mUser verify Camper link is displayed and enabled&amp#27;[0m              &amp#27;[90m# com.stepDefs.HomePageStepDefinitions.verifyCamperLink()&amp#27;[0m
      &amp#27;[31morg.openqa.selenium.TimeoutException: timeout: Timed out receiving message from renderer: 18.546
  (Session info: chrome=129.0.6668.101)
Build info: version: '4.16.1', revision: '9b4c83354e'
System info: os.name: 'Windows 10', os.arch: 'amd64', os.version: '10.0', java.version: '17'
Driver info: org.openqa.selenium.chrome.ChromeDriver
Command: [500238a17460c426180e2cc0d5060df1, get {url=https://sampleapp.tricentis.com/101/}]
Capabilities {acceptInsecureCerts: false, browserName: chrome, browserVersion: 129.0.6668.101, chrome: {chromedriverVersion: 129.0.6668.89 (951c0b97221f..., userDataDir: C:\Users\HP\AppData\Local\T...}, fedcm:accounts: true, goog:chromeOptions: {debuggerAddress: localhost:60349}, networkConnectionEnabled: false, pageLoadStrategy: normal, platformName: windows, proxy: Proxy(), se:cdp: ws://localhost:60349/devtoo..., se:cdpVersion: 129.0.6668.101, setWindowRect: true, strictFileInteractability: false, timeouts: {implicit: 0, pageLoad: 300000, script: 30000}, unhandledPromptBehavior: dismiss and notify, webauthn:extension:credBlob: true, webauthn:extension:largeBlob: true, webauthn:extension:minPinLength: true, webauthn:extension:prf: true, webauthn:virtualAuthenticators: true}
Session ID: 500238a17460c426180e2cc0d5060df1
	at java.base/jdk.internal.reflect.NativeConstructorAccessorImpl.newInstance0(Native Method)
	at java.base/jdk.internal.reflect.NativeConstructorAccessorImpl.newInstance(NativeConstructorAccessorImpl.java:77)
	at java.base/jdk.internal.reflect.DelegatingConstructorAccessorImpl.newInstance(DelegatingConstructorAccessorImpl.java:45)
	at java.base/java.lang.reflect.Constructor.newInstanceWithCaller(Constructor.java:499)
	at java.base/java.lang.reflect.Constructor.newInstance(Constructor.java:480)
	at org.openqa.selenium.remote.codec.w3c.W3CHttpResponseCodec.createException(W3CHttpResponseCodec.java:200)
	at org.openqa.selenium.remote.codec.w3c.W3CHttpResponseCodec.decode(W3CHttpResponseCodec.java:133)
	at org.openqa.selenium.remote.codec.w3c.W3CHttpResponseCodec.decode(W3CHttpResponseCodec.java:52)
	at org.openqa.selenium.remote.HttpCommandExecutor.execute(HttpCommandExecutor.java:191)
	at org.openqa.selenium.remote.service.DriverCommandExecutor.invokeExecute(DriverCommandExecutor.java:200)
	at org.openqa.selenium.remote.service.DriverCommandExecutor.execute(DriverCommandExecutor.java:175)
	at org.openqa.selenium.remote.RemoteWebDriver.execute(RemoteWebDriver.java:523)
	at org.openqa.selenium.remote.RemoteWebDriver.get(RemoteWebDriver.java:305)
	at com.stepDefs.Hooks.setUp(Hooks.java:33)
&amp#27;[0m
  &amp#27;[36mAnd &amp#27;[0m&amp#27;[36mUser verify page title is &amp#27;[0m&amp#27;[36m&amp#27;[1m"Tricentis Vehicle Insurance"&amp#27;[0m       &amp#27;[90m# com.stepDefs.CommonStepDefinitions.verifyPageTitle(java.lang.String)&amp#27;[0m
  &amp#27;[36mAnd &amp#27;[0m&amp#27;[36mUser click on automobile link&amp#27;[0m                                 &amp#27;[90m# com.stepDefs.EnterVehicleDataPageStepDefs.clickAutomobileLink()&amp#27;[0m
  &amp#27;[36mAnd &amp#27;[0m&amp#27;[36mUser verify breadcrumb text is &amp#27;[0m&amp#27;[36m&amp#27;[1m"Automobile Insurance"&amp#27;[0m         &amp#27;[90m# com.stepDefs.CommonStepDefinitions.verifyBreadCrumbText(java.lang.String)&amp#27;[0m
  &amp#27;[36mAnd &amp#27;[0m&amp#27;[36mUser verify Enter vehicle data tab is displayed on page&amp#27;[0m       &amp#27;[90m# com.stepDefs.EnterVehicleDataPageStepDefs.verifyDataTab()&amp#27;[0m
  &amp#27;[36mAnd &amp#27;[0m&amp#27;[36mUser verify Enter vehicle data tab count is &amp#27;[0m&amp#27;[36m&amp#27;[1m"7"&amp#27;[0m               &amp#27;[90m# com.stepDefs.EnterVehicleDataPageStepDefs.verifyDataTabCount(java.lang.String)&amp#27;[0m
  &amp#27;[36mAnd &amp#27;[0m&amp#27;[36mUser verify Enter insurant data tab is displayed on page&amp#27;[0m      &amp#27;[90m# com.stepDefs.EnterVehicleDataPageStepDefs.verifyInsurantDataTab()&amp#27;[0m
  &amp#27;[36mAnd &amp#27;[0m&amp#27;[36mUser verify Enter product data tab is displayed on page&amp#27;[0m       &amp#27;[90m# com.stepDefs.EnterVehicleDataPageStepDefs.verifyProductDataTab()&amp#27;[0m
  &amp#27;[36mAnd &amp#27;[0m&amp#27;[36mUser verify select price option tab is displayed on page&amp#27;[0m      &amp#27;[90m# com.stepDefs.EnterVehicleDataPageStepDefs.verifySelectPriceOptionTab()&amp#27;[0m
  &amp#27;[36mAnd &amp#27;[0m&amp#27;[36mUser verify send quote tab is displayed on page&amp#27;[0m               &amp#27;[90m# com.stepDefs.EnterVehicleDataPageStepDefs.verifySendQuoteTab()&amp#27;[0m
  &amp#27;[36mAnd &amp#27;[0m&amp#27;[36mUser verify make dropdown is displayed on page&amp#27;[0m                &amp#27;[90m# com.stepDefs.EnterVehicleDataPageStepDefs.verifyMakeDropDisplayed()&amp#27;[0m
  &amp#27;[36mAnd &amp#27;[0m&amp#27;[36mUser verify engine performance input box is displayed on page&amp#27;[0m &amp#27;[90m# com.stepDefs.EnterVehicleDataPageStepDefs.verifyEnginePerformanceDisplayed()&amp#27;[0m
  &amp#27;[36mAnd &amp#27;[0m&amp#27;[36mUser verify date of manufacture is displayed on page&amp#27;[0m          &amp#27;[90m# com.stepDefs.EnterVehicleDataPageStepDefs.verifyManufactureDateDisplayed()&amp#27;[0m
  &amp#27;[36mAnd &amp#27;[0m&amp#27;[36mUser verify seat number dropdown is displayed on page&amp#27;[0m         &amp#27;[90m# com.stepDefs.EnterVehicleDataPageStepDefs.verifySeatNoDropDisplayed()&amp#27;[0m
  &amp#27;[36mAnd &amp#27;[0m&amp#27;[36mUser verify list price dropdown is displayed on page&amp#27;[0m          &amp#27;[90m# com.stepDefs.EnterVehicleDataPageStepDefs.verifyListPriceDisplayed()&amp#27;[0m
  &amp#27;[36mAnd &amp#27;[0m&amp#27;[36mUser verify license plate input box is displayed on page&amp#27;[0m      &amp#27;[90m# com.stepDefs.EnterVehicleDataPageStepDefs.verifyLicensePlateDisplayed()&amp#27;[0m
  &amp#27;[36mAnd &amp#27;[0m&amp#27;[36mUser verify annual mileage is displayed on page&amp#27;[0m               &amp#27;[90m# com.stepDefs.EnterVehicleDataPageStepDefs.verifyAnnualMileageDisplayed()&amp#27;[0m
      &amp#27;[31morg.openqa.selenium.TimeoutException: timeout: Timed out receiving message from renderer: 18.935
  (Session info: chrome=129.0.6668.101)
Build info: version: '4.16.1', revision: '9b4c83354e'
System info: os.name: 'Windows 10', os.arch: 'amd64', os.version: '10.0', java.version: '17'
Driver info: org.openqa.selenium.chrome.ChromeDriver
Command: [30b14069945d5ab0a2e7b70e35ab4232, get {url=https://sampleapp.tricentis.com/101/}]
Capabilities {acceptInsecureCerts: false, browserName: chrome, browserVersion: 129.0.6668.101, chrome: {chromedriverVersion: 129.0.6668.89 (951c0b97221f..., userDataDir: C:\Users\HP\AppData\Local\T...}, fedcm:accounts: true, goog:chromeOptions: {debuggerAddress: localhost:60379}, networkConnectionEnabled: false, pageLoadStrategy: normal, platformName: windows, proxy: Proxy(), se:cdp: ws://localhost:60379/devtoo..., se:cdpVersion: 129.0.6668.101, setWindowRect: true, strictFileInteractability: false, timeouts: {implicit: 0, pageLoad: 300000, script: 30000}, unhandledPromptBehavior: dismiss and notify, webauthn:extension:credBlob: true, webauthn:extension:largeBlob: true, webauthn:extension:minPinLength: true, webauthn:extension:prf: true, webauthn:virtualAuthenticators: true}
Session ID: 30b14069945d5ab0a2e7b70e35ab4232
	at java.base/jdk.internal.reflect.NativeConstructorAccessorImpl.newInstance0(Native Method)
	at java.base/jdk.internal.reflect.NativeConstructorAccessorImpl.newInstance(NativeConstructorAccessorImpl.java:77)
	at java.base/jdk.internal.reflect.DelegatingConstructorAccessorImpl.newInstance(DelegatingConstructorAccessorImpl.java:45)
	at java.base/java.lang.reflect.Constructor.newInstanceWithCaller(Constructor.java:499)
	at java.base/java.lang.reflect.Constructor.newInstance(Constructor.java:480)
	at org.openqa.selenium.remote.codec.w3c.W3CHttpResponseCodec.createException(W3CHttpResponseCodec.java:200)
	at org.openqa.selenium.remote.codec.w3c.W3CHttpResponseCodec.decode(W3CHttpResponseCodec.java:133)
	at org.openqa.selenium.remote.codec.w3c.W3CHttpResponseCodec.decode(W3CHttpResponseCodec.java:52)
	at org.openqa.selenium.remote.HttpCommandExecutor.execute(HttpCommandExecutor.java:191)
	at org.openqa.selenium.remote.service.DriverCommandExecutor.invokeExecute(DriverCommandExecutor.java:200)
	at org.openqa.selenium.remote.service.DriverCommandExecutor.execute(DriverCommandExecutor.java:175)
	at org.openqa.selenium.remote.RemoteWebDriver.execute(RemoteWebDriver.java:523)
	at org.openqa.selenium.remote.RemoteWebDriver.get(RemoteWebDriver.java:305)
	at com.stepDefs.Hooks.setUp(Hooks.java:33)
&amp#27;[0m
      &amp#27;[31morg.openqa.selenium.TimeoutException: timeout: Timed out receiving message from renderer: 16.074
  (Session info: chrome=129.0.6668.101)
Build info: version: '4.16.1', revision: '9b4c83354e'
System info: os.name: 'Windows 10', os.arch: 'amd64', os.version: '10.0', java.version: '17'
Driver info: org.openqa.selenium.chrome.ChromeDriver
Command: [9c47a26c57ce1835ca9f9fb1505dfd6d, get {url=https://sampleapp.tricentis.com/101/}]
Capabilities {acceptInsecureCerts: false, browserName: chrome, browserVersion: 129.0.6668.101, chrome: {chromedriverVersion: 129.0.6668.89 (951c0b97221f..., userDataDir: C:\Users\HP\AppData\Local\T...}, fedcm:accounts: true, goog:chromeOptions: {debuggerAddress: localhost:60328}, networkConnectionEnabled: false, pageLoadStrategy: normal, platformName: windows, proxy: Proxy(), se:cdp: ws://localhost:60328/devtoo..., se:cdpVersion: 129.0.6668.101, setWindowRect: true, strictFileInteractability: false, timeouts: {implicit: 0, pageLoad: 300000, script: 30000}, unhandledPromptBehavior: dismiss and notify, webauthn:extension:credBlob: true, webauthn:extension:largeBlob: true, webauthn:extension:minPinLength: true, webauthn:extension:prf: true, webauthn:virtualAuthenticators: true}
Session ID: 9c47a26c57ce1835ca9f9fb1505dfd6d
	at java.base/jdk.internal.reflect.NativeConstructorAccessorImpl.newInstance0(Native Method)
	at java.base/jdk.internal.reflect.NativeConstructorAccessorImpl.newInstance(NativeConstructorAccessorImpl.java:77)
	at java.base/jdk.internal.reflect.DelegatingConstructorAccessorImpl.newInstance(DelegatingConstructorAccessorImpl.java:45)
	at java.base/java.lang.reflect.Constructor.newInstanceWithCaller(Constructor.java:499)
	at java.base/java.lang.reflect.Constructor.newInstance(Constructor.java:480)
	at org.openqa.selenium.remote.codec.w3c.W3CHttpResponseCodec.createException(W3CHttpResponseCodec.java:200)
	at org.openqa.selenium.remote.codec.w3c.W3CHttpResponseCodec.decode(W3CHttpResponseCodec.java:133)
	at org.openqa.selenium.remote.codec.w3c.W3CHttpResponseCodec.decode(W3CHttpResponseCodec.java:52)
	at org.openqa.selenium.remote.HttpCommandExecutor.execute(HttpCommandExecutor.java:191)
	at org.openqa.selenium.remote.service.DriverCommandExecutor.invokeExecute(DriverCommandExecutor.java:200)
	at org.openqa.selenium.remote.service.DriverCommandExecutor.execute(DriverCommandExecutor.java:175)
	at org.openqa.selenium.remote.RemoteWebDriver.execute(RemoteWebDriver.java:523)
	at org.openqa.selenium.remote.RemoteWebDriver.get(RemoteWebDriver.java:305)
	at com.stepDefs.Hooks.setUp(Hooks.java:33)
&amp#27;[0m
  &amp#27;[36mAnd &amp#27;[0m&amp#27;[36mUser verify page title is &amp#27;[0m&amp#27;[36m&amp#27;[1m"Tricentis Vehicle Insurance"&amp#27;[0m       &amp#27;[90m# com.stepDefs.CommonStepDefinitions.verifyPageTitle(java.lang.String)&amp#27;[0m
  &amp#27;[36mAnd &amp#27;[0m&amp#27;[36mUser click on motorcycle link&amp#27;[0m                                 &amp#27;[90m# com.stepDefs.EnterVehicleDataPageStepDefs.clickMotorcycleLink()&amp#27;[0m
  &amp#27;[36mAnd &amp#27;[0m&amp#27;[36mUser verify breadcrumb text is &amp#27;[0m&amp#27;[36m&amp#27;[1m"Motorcycle Insurance"&amp#27;[0m         &amp#27;[90m# com.stepDefs.CommonStepDefinitions.verifyBreadCrumbText(java.lang.String)&amp#27;[0m
  &amp#27;[36mAnd &amp#27;[0m&amp#27;[36mUser verify Enter vehicle data tab is displayed on page&amp#27;[0m       &amp#27;[90m# com.stepDefs.EnterVehicleDataPageStepDefs.verifyDataTab()&amp#27;[0m
  &amp#27;[36mAnd &amp#27;[0m&amp#27;[36mUser verify Enter vehicle data tab count is &amp#27;[0m&amp#27;[36m&amp#27;[1m"8"&amp#27;[0m               &amp#27;[90m# com.stepDefs.EnterVehicleDataPageStepDefs.verifyDataTabCount(java.lang.String)&amp#27;[0m
  &amp#27;[36mAnd &amp#27;[0m&amp#27;[36mUser verify Enter insurant data tab is displayed on page&amp#27;[0m      &amp#27;[90m# com.stepDefs.EnterVehicleDataPageStepDefs.verifyInsurantDataTab()&amp#27;[0m
  &amp#27;[36mAnd &amp#27;[0m&amp#27;[36mUser verify Enter product data tab is displayed on page&amp#27;[0m       &amp#27;[90m# com.stepDefs.EnterVehicleDataPageStepDefs.verifyProductDataTab()&amp#27;[0m
  &amp#27;[36mAnd &amp#27;[0m&amp#27;[36mUser verify select price option tab is displayed on page&amp#27;[0m      &amp#27;[90m# com.stepDefs.EnterVehicleDataPageStepDefs.verifySelectPriceOptionTab()&amp#27;[0m
  &amp#27;[36mAnd &amp#27;[0m&amp#27;[36mUser verify send quote tab is displayed on page&amp#27;[0m               &amp#27;[90m# com.stepDefs.EnterVehicleDataPageStepDefs.verifySendQuoteTab()&amp#27;[0m
  &amp#27;[36mAnd &amp#27;[0m&amp#27;[36mUser verify make dropdown is displayed on page&amp#27;[0m                &amp#27;[90m# com.stepDefs.EnterVehicleDataPageStepDefs.verifyMakeDropDisplayed()&amp#27;[0m
  &amp#27;[36mAnd &amp#27;[0m&amp#27;[36mUser verify engine performance input box is displayed on page&amp#27;[0m &amp#27;[90m# com.stepDefs.EnterVehicleDataPageStepDefs.verifyEnginePerformanceDisplayed()&amp#27;[0m
  &amp#27;[36mAnd &amp#27;[0m&amp#27;[36mUser verify date of manufacture is displayed on page&amp#27;[0m          &amp#27;[90m# com.stepDefs.EnterVehicleDataPageStepDefs.verifyManufactureDateDisplayed()&amp#27;[0m
  &amp#27;[36mAnd &amp#27;[0m&amp#27;[36mUser verify list price dropdown is displayed on page&amp#27;[0m          &amp#27;[90m# com.stepDefs.EnterVehicleDataPageStepDefs.verifyListPriceDisplayed()&amp#27;[0m
  &amp#27;[36mAnd &amp#27;[0m&amp#27;[36mUser verify annual mileage is displayed on page&amp#27;[0m               &amp#27;[90m# com.stepDefs.EnterVehicleDataPageStepDefs.verifyAnnualMileageDisplayed()&amp#27;[0m
  &amp#27;[36mAnd &amp#27;[0m&amp#27;[36mUser verify model dropdown is displayed on page&amp#27;[0m               &amp#27;[90m# com.stepDefs.EnterVehicleDataPageStepDefs.verifyModelDropdownDisplayed()&amp#27;[0m
  &amp#27;[36mAnd &amp#27;[0m&amp#27;[36mUser verify cylinder capacity input box is displayed on page&amp#27;[0m  &amp#27;[90m# com.stepDefs.EnterVehicleDataPageStepDefs.verifyCylinderCapacityDisplayed()&amp#27;[0m
  &amp#27;[36mAnd &amp#27;[0m&amp#27;[36mUser verify total no of seats dropdown is displayed on page&amp#27;[0m   &amp#27;[90m# com.stepDefs.EnterVehicleDataPageStepDefs.verifyTotalNoOfSeatsDisplayed()&amp#27;[0m
  &amp#27;[36mAnd &amp#27;[0m&amp#27;[36mUser verify page title is &amp#27;[0m&amp#27;[36m&amp#27;[1m"Tricentis Vehicle Insurance"&amp#27;[0m       &amp#27;[90m# com.stepDefs.CommonStepDefinitions.verifyPageTitle(java.lang.String)&amp#27;[0m
  &amp#27;[36mAnd &amp#27;[0m&amp#27;[36mUser click on truck link&amp#27;[0m                                      &amp#27;[90m# com.stepDefs.EnterVehicleDataPageStepDefs.clickTruckLink()&amp#27;[0m
  &amp#27;[36mAnd &amp#27;[0m&amp#27;[36mUser verify breadcrumb text is &amp#27;[0m&amp#27;[36m&amp#27;[1m"Truck Insurance"&amp#27;[0m              &amp#27;[90m# com.stepDefs.CommonStepDefinitions.verifyBreadCrumbText(java.lang.String)&amp#27;[0m
  &amp#27;[36mAnd &amp#27;[0m&amp#27;[36mUser verify Enter vehicle data tab is displayed on page&amp#27;[0m       &amp#27;[90m# com.stepDefs.EnterVehicleDataPageStepDefs.verifyDataTab()&amp#27;[0m
  &amp#27;[36mAnd &amp#27;[0m&amp#27;[36mUser verify Enter vehicle data tab count is &amp#27;[0m&amp#27;[36m&amp#27;[1m"9"&amp#27;[0m               &amp#27;[90m# com.stepDefs.EnterVehicleDataPageStepDefs.verifyDataTabCount(java.lang.String)&amp#27;[0m
  &amp#27;[36mAnd &amp#27;[0m&amp#27;[36mUser verify Enter insurant data tab is displayed on page&amp#27;[0m      &amp#27;[90m# com.stepDefs.EnterVehicleDataPageStepDefs.verifyInsurantDataTab()&amp#27;[0m
  &amp#27;[36mAnd &amp#27;[0m&amp#27;[36mUser verify Enter product data tab is displayed on page&amp#27;[0m       &amp#27;[90m# com.stepDefs.EnterVehicleDataPageStepDefs.verifyProductDataTab()&amp#27;[0m
  &amp#27;[36mAnd &amp#27;[0m&amp#27;[36mUser verify select price option tab is displayed on page&amp#27;[0m      &amp#27;[90m# com.stepDefs.EnterVehicleDataPageStepDefs.verifySelectPriceOptionTab()&amp#27;[0m
  &amp#27;[36mAnd &amp#27;[0m&amp#27;[36mUser verify send quote tab is displayed on page&amp#27;[0m               &amp#27;[90m# com.stepDefs.EnterVehicleDataPageStepDefs.verifySendQuoteTab()&amp#27;[0m
  &amp#27;[36mAnd &amp#27;[0m&amp#27;[36mUser verify make dropdown is displayed on page&amp#27;[0m                &amp#27;[90m# com.stepDefs.EnterVehicleDataPageStepDefs.verifyMakeDropDisplayed()&amp#27;[0m
  &amp#27;[36mAnd &amp#27;[0m&amp#27;[36mUser verify engine performance input box is displayed on page&amp#27;[0m &amp#27;[90m# com.stepDefs.EnterVehicleDataPageStepDefs.verifyEnginePerformanceDisplayed()&amp#27;[0m
  &amp#27;[36mAnd &amp#27;[0m&amp#27;[36mUser verify date of manufacture is displayed on page&amp#27;[0m          &amp#27;[90m# com.stepDefs.EnterVehicleDataPageStepDefs.verifyManufactureDateDisplayed()&amp#27;[0m
  &amp#27;[36mAnd &amp#27;[0m&amp#27;[36mUser verify seat number dropdown is displayed on page&amp#27;[0m         &amp#27;[90m# com.stepDefs.EnterVehicleDataPageStepDefs.verifySeatNoDropDisplayed()&amp#27;[0m
  &amp#27;[36mAnd &amp#27;[0m&amp#27;[36mUser verify list price dropdown is displayed on page&amp#27;[0m          &amp#27;[90m# com.stepDefs.EnterVehicleDataPageStepDefs.verifyListPriceDisplayed()&amp#27;[0m
  &amp#27;[36mAnd &amp#27;[0m&amp#27;[36mUser verify license plate input box is displayed on page&amp#27;[0m      &amp#27;[90m# com.stepDefs.EnterVehicleDataPageStepDefs.verifyLicensePlateDisplayed()&amp#27;[0m
  &amp#27;[36mAnd &amp#27;[0m&amp#27;[36mUser verify annual mileage is displayed on page&amp#27;[0m               &amp#27;[90m# com.stepDefs.EnterVehicleDataPageStepDefs.verifyAnnualMileageDisplayed()&amp#27;[0m
  &amp#27;[36mAnd &amp#27;[0m&amp#27;[36mUser verify payload input box is displayed on page&amp#27;[0m            &amp#27;[90m# com.stepDefs.EnterVehicleDataPageStepDefs.verifyPayloadBoxDisplayed()&amp#27;[0m
  &amp#27;[36mAnd &amp#27;[0m&amp#27;[36mUser verify total weight input box is displayed on page&amp#27;[0m       &amp#27;[90m# com.stepDefs.EnterVehicleDataPageStepDefs.verifyTotalWeightDisplayed()&amp#27;[0m
      &amp#27;[31morg.openqa.selenium.TimeoutException: timeout: Timed out receiving message from renderer: 18.456
  (Session info: chrome=129.0.6668.101)
Build info: version: '4.16.1', revision: '9b4c83354e'
System info: os.name: 'Windows 10', os.arch: 'amd64', os.version: '10.0', java.version: '17'
Driver info: org.openqa.selenium.chrome.ChromeDriver
Command: [e179ece0eafb5a9c46212ad4e686d829, get {url=https://sampleapp.tricentis.com/101/}]
Capabilities {acceptInsecureCerts: false, browserName: chrome, browserVersion: 129.0.6668.101, chrome: {chromedriverVersion: 129.0.6668.89 (951c0b97221f..., userDataDir: C:\Users\HP\AppData\Local\T...}, fedcm:accounts: true, goog:chromeOptions: {debuggerAddress: localhost:60311}, networkConnectionEnabled: false, pageLoadStrategy: normal, platformName: windows, proxy: Proxy(), se:cdp: ws://localhost:60311/devtoo..., se:cdpVersion: 129.0.6668.101, setWindowRect: true, strictFileInteractability: false, timeouts: {implicit: 0, pageLoad: 300000, script: 30000}, unhandledPromptBehavior: dismiss and notify, webauthn:extension:credBlob: true, webauthn:extension:largeBlob: true, webauthn:extension:minPinLength: true, webauthn:extension:prf: true, webauthn:virtualAuthenticators: true}
Session ID: e179ece0eafb5a9c46212ad4e686d829
	at java.base/jdk.internal.reflect.NativeConstructorAccessorImpl.newInstance0(Native Method)
	at java.base/jdk.internal.reflect.NativeConstructorAccessorImpl.newInstance(NativeConstructorAccessorImpl.java:77)
	at java.base/jdk.internal.reflect.DelegatingConstructorAccessorImpl.newInstance(DelegatingConstructorAccessorImpl.java:45)
	at java.base/java.lang.reflect.Constructor.newInstanceWithCaller(Constructor.java:499)
	at java.base/java.lang.reflect.Constructor.newInstance(Constructor.java:480)
	at org.openqa.selenium.remote.codec.w3c.W3CHttpResponseCodec.createException(W3CHttpResponseCodec.java:200)
	at org.openqa.selenium.remote.codec.w3c.W3CHttpResponseCodec.decode(W3CHttpResponseCodec.java:133)
	at org.openqa.selenium.remote.codec.w3c.W3CHttpResponseCodec.decode(W3CHttpResponseCodec.java:52)
	at org.openqa.selenium.remote.HttpCommandExecutor.execute(HttpCommandExecutor.java:191)
	at org.openqa.selenium.remote.service.DriverCommandExecutor.invokeExecute(DriverCommandExecutor.java:200)
	at org.openqa.selenium.remote.service.DriverCommandExecutor.execute(DriverCommandExecutor.java:175)
	at org.openqa.selenium.remote.RemoteWebDriver.execute(RemoteWebDriver.java:523)
	at org.openqa.selenium.remote.RemoteWebDriver.get(RemoteWebDriver.java:305)
	at com.stepDefs.Hooks.setUp(Hooks.java:33)
&amp#27;[0m
  &amp#27;[36mAnd &amp#27;[0m&amp#27;[36mUser verify page title is &amp#27;[0m&amp#27;[36m&amp#27;[1m"Tricentis Vehicle Insurance"&amp#27;[0m &amp#27;[90m# com.stepDefs.CommonStepDefinitions.verifyPageTitle(java.lang.String)&amp#27;[0m
  &amp#27;[36mAnd &amp#27;[0m&amp#27;[36mUser verify the slidders displayed on page&amp#27;[0m              &amp#27;[90m# com.stepDefs.HomePageStepDefinitions.verifySlider()&amp#27;[0m
      &amp#27;[31morg.openqa.selenium.TimeoutException: timeout: Timed out receiving message from renderer: 17.687
  (Session info: chrome=129.0.6668.101)
Build info: version: '4.16.1', revision: '9b4c83354e'
System info: os.name: 'Windows 10', os.arch: 'amd64', os.version: '10.0', java.version: '17'
Driver info: org.openqa.selenium.chrome.ChromeDriver
Command: [aa054ecbe4a9c686fe35d21b905decd5, get {url=https://sampleapp.tricentis.com/101/}]
Capabilities {acceptInsecureCerts: false, browserName: chrome, browserVersion: 129.0.6668.101, chrome: {chromedriverVersion: 129.0.6668.89 (951c0b97221f..., userDataDir: C:\Users\HP\AppData\Local\T...}, fedcm:accounts: true, goog:chromeOptions: {debuggerAddress: localhost:60302}, networkConnectionEnabled: false, pageLoadStrategy: normal, platformName: windows, proxy: Proxy(), se:cdp: ws://localhost:60302/devtoo..., se:cdpVersion: 129.0.6668.101, setWindowRect: true, strictFileInteractability: false, timeouts: {implicit: 0, pageLoad: 300000, script: 30000}, unhandledPromptBehavior: dismiss and notify, webauthn:extension:credBlob: true, webauthn:extension:largeBlob: true, webauthn:extension:minPinLength: true, webauthn:extension:prf: true, webauthn:virtualAuthenticators: true}
Session ID: aa054ecbe4a9c686fe35d21b905decd5
	at java.base/jdk.internal.reflect.NativeConstructorAccessorImpl.newInstance0(Native Method)
	at java.base/jdk.internal.reflect.NativeConstructorAccessorImpl.newInstance(NativeConstructorAccessorImpl.java:77)
	at java.base/jdk.internal.reflect.DelegatingConstructorAccessorImpl.newInstance(DelegatingConstructorAccessorImpl.java:45)
	at java.base/java.lang.reflect.Constructor.newInstanceWithCaller(Constructor.java:499)
	at java.base/java.lang.reflect.Constructor.newInstance(Constructor.java:480)
	at org.openqa.selenium.remote.codec.w3c.W3CHttpResponseCodec.createException(W3CHttpResponseCodec.java:200)
	at org.openqa.selenium.remote.codec.w3c.W3CHttpResponseCodec.decode(W3CHttpResponseCodec.java:133)
	at org.openqa.selenium.remote.codec.w3c.W3CHttpResponseCodec.decode(W3CHttpResponseCodec.java:52)
	at org.openqa.selenium.remote.HttpCommandExecutor.execute(HttpCommandExecutor.java:191)
	at org.openqa.selenium.remote.service.DriverCommandExecutor.invokeExecute(DriverCommandExecutor.java:200)
	at org.openqa.selenium.remote.service.DriverCommandExecutor.execute(DriverCommandExecutor.java:175)
	at org.openqa.selenium.remote.RemoteWebDriver.execute(RemoteWebDriver.java:523)
	at org.openqa.selenium.remote.RemoteWebDriver.get(RemoteWebDriver.java:305)
	at com.stepDefs.Hooks.setUp(Hooks.java:33)
&amp#27;[0m
  &amp#27;[36mAnd &amp#27;[0m&amp#27;[36mUser verify page title is &amp#27;[0m&amp#27;[36m&amp#27;[1m"Tricentis Vehicle Insurance"&amp#27;[0m &amp#27;[90m# com.stepDefs.CommonStepDefinitions.verifyPageTitle(java.lang.String)&amp#27;[0m
  &amp#27;[36mAnd &amp#27;[0m&amp#27;[36mUser scroll to footer section&amp#27;[0m                           &amp#27;[90m# com.stepDefs.HomePageStepDefinitions.scrollToFooter()&amp#27;[0m
  &amp#27;[36mAnd &amp#27;[0m&amp#27;[36mUser verify links in the footer section&amp#27;[0m                 &amp#27;[90m# com.stepDefs.HomePageStepDefinitions.verifyFooterLink()&amp#27;[0m
  &amp#27;[31mAnd &amp#27;[0m&amp#27;[31mUser verify page title is &amp#27;[0m&amp#27;[31m&amp#27;[1m"Tricentis Vehicle Insurance"&amp#27;[0m &amp#27;[90m# com.stepDefs.CommonStepDefinitions.verifyPageTitle(java.lang.String)&amp#27;[0m
      &amp#27;[31morg.openqa.selenium.TimeoutException: timeout: Timed out receiving message from renderer: 20.000
  (Session info: chrome=129.0.6668.101)
Build info: version: '4.16.1', revision: '9b4c83354e'
System info: os.name: 'Windows 10', os.arch: 'amd64', os.version: '10.0', java.version: '17'
Driver info: org.openqa.selenium.chrome.ChromeDriver
Command: [50c20de2bbd9f128361d0473a614f698, getTitle {}]
Capabilities {acceptInsecureCerts: false, browserName: chrome, browserVersion: 129.0.6668.101, chrome: {chromedriverVersion: 129.0.6668.89 (951c0b97221f..., userDataDir: C:\Users\HP\AppData\Local\T...}, fedcm:accounts: true, goog:chromeOptions: {debuggerAddress: localhost:60325}, networkConnectionEnabled: false, pageLoadStrategy: normal, platformName: windows, proxy: Proxy(), se:cdp: ws://localhost:60325/devtoo..., se:cdpVersion: 129.0.6668.101, setWindowRect: true, strictFileInteractability: false, timeouts: {implicit: 0, pageLoad: 300000, script: 30000}, unhandledPromptBehavior: dismiss and notify, webauthn:extension:credBlob: true, webauthn:extension:largeBlob: true, webauthn:extension:minPinLength: true, webauthn:extension:prf: true, webauthn:virtualAuthenticators: true}
Session ID: 50c20de2bbd9f128361d0473a614f698
	at java.base/jdk.internal.reflect.NativeConstructorAccessorImpl.newInstance0(Native Method)
	at java.base/jdk.internal.reflect.NativeConstructorAccessorImpl.newInstance(NativeConstructorAccessorImpl.java:77)
	at java.base/jdk.internal.reflect.DelegatingConstructorAccessorImpl.newInstance(DelegatingConstructorAccessorImpl.java:45)
	at java.base/java.lang.reflect.Constructor.newInstanceWithCaller(Constructor.java:499)
	at java.base/java.lang.reflect.Constructor.newInstance(Constructor.java:480)
	at org.openqa.selenium.remote.codec.w3c.W3CHttpResponseCodec.createException(W3CHttpResponseCodec.java:200)
	at org.openqa.selenium.remote.codec.w3c.W3CHttpResponseCodec.decode(W3CHttpResponseCodec.java:133)
	at org.openqa.selenium.remote.codec.w3c.W3CHttpResponseCodec.decode(W3CHttpResponseCodec.java:52)
	at org.openqa.selenium.remote.HttpCommandExecutor.execute(HttpCommandExecutor.java:191)
	at org.openqa.selenium.remote.service.DriverCommandExecutor.invokeExecute(DriverCommandExecutor.java:200)
	at org.openqa.selenium.remote.service.DriverCommandExecutor.execute(DriverCommandExecutor.java:175)
	at org.openqa.selenium.remote.RemoteWebDriver.execute(RemoteWebDriver.java:523)
	at org.openqa.selenium.remote.RemoteWebDriver.execute(RemoteWebDriver.java:596)
	at org.openqa.selenium.remote.RemoteWebDriver.execute(RemoteWebDriver.java:600)
	at org.openqa.selenium.remote.RemoteWebDriver.getTitle(RemoteWebDriver.java:310)
	at com.stepDefs.CommonStepDefinitions.verifyPageTitle(CommonStepDefinitions.java:48)
	at âœ½.User verify page title is "Tricentis Vehicle Insurance"(file:///C:/Users/HP/eclipse-workspace/Cucumber_AutoFrwrk_InsuranceApp/src/test/resources/features/home_page.feature:40)
&amp#27;[0m
  &amp#27;[36mAnd &amp#27;[0m&amp#27;[36mUser scroll to footer section&amp#27;[0m                           &amp#27;[90m# com.stepDefs.HomePageStepDefinitions.scrollToFooter()&amp#27;[0m
  &amp#27;[36mAnd &amp#27;[0m&amp#27;[36mUser verify links in the footer section&amp#27;[0m                 &amp#27;[90m# com.stepDefs.HomePageStepDefinitions.verifyFooterLink()&amp#27;[0m
]]></system-out>
    <system-err><![CDATA[Oct 19, 2024 9:04:35 PM org.openqa.selenium.devtools.CdpVersionFinder findNearestMatch
WARNING: Unable to find CDP implementation matching 129
Oct 19, 2024 9:04:36 PM org.openqa.selenium.chromium.ChromiumDriver lambda$new$5
WARNING: Unable to find version of CDP to use for 129.0.6668.101. You may need to include a dependency on a specific version of the CDP using something similar to `org.seleniumhq.selenium:selenium-devtools-v86:4.16.1` where the version ("v86") matches the version of the chromium-based browser you're using and the version number of the artifact is the same as Selenium's.
Oct 19, 2024 9:04:42 PM org.openqa.selenium.devtools.CdpVersionFinder findNearestMatch
WARNING: Unable to find CDP implementation matching 129
Oct 19, 2024 9:04:42 PM org.openqa.selenium.chromium.ChromiumDriver lambda$new$5
WARNING: Unable to find version of CDP to use for 129.0.6668.101. You may need to include a dependency on a specific version of the CDP using something similar to `org.seleniumhq.selenium:selenium-devtools-v86:4.16.1` where the version ("v86") matches the version of the chromium-based browser you're using and the version number of the artifact is the same as Selenium's.
Oct 19, 2024 9:04:42 PM org.openqa.selenium.devtools.CdpVersionFinder findNearestMatch
WARNING: Unable to find CDP implementation matching 129
Oct 19, 2024 9:04:42 PM org.openqa.selenium.chromium.ChromiumDriver lambda$new$5
WARNING: Unable to find version of CDP to use for 129.0.6668.101. You may need to include a dependency on a specific version of the CDP using something similar to `org.seleniumhq.selenium:selenium-devtools-v86:4.16.1` where the version ("v86") matches the version of the chromium-based browser you're using and the version number of the artifact is the same as Selenium's.
Oct 19, 2024 9:04:42 PM org.openqa.selenium.devtools.CdpVersionFinder findNearestMatch
WARNING: Unable to find CDP implementation matching 129
Oct 19, 2024 9:04:42 PM org.openqa.selenium.chromium.ChromiumDriver lambda$new$5
WARNING: Unable to find version of CDP to use for 129.0.6668.101. You may need to include a dependency on a specific version of the CDP using something similar to `org.seleniumhq.selenium:selenium-devtools-v86:4.16.1` where the version ("v86") matches the version of the chromium-based browser you're using and the version number of the artifact is the same as Selenium's.
Oct 19, 2024 9:04:42 PM org.openqa.selenium.devtools.CdpVersionFinder findNearestMatch
WARNING: Unable to find CDP implementation matching 129
Oct 19, 2024 9:04:42 PM org.openqa.selenium.chromium.ChromiumDriver lambda$new$5
WARNING: Unable to find version of CDP to use for 129.0.6668.101. You may need to include a dependency on a specific version of the CDP using something similar to `org.seleniumhq.selenium:selenium-devtools-v86:4.16.1` where the version ("v86") matches the version of the chromium-based browser you're using and the version number of the artifact is the same as Selenium's.
Oct 19, 2024 9:04:43 PM org.openqa.selenium.devtools.CdpVersionFinder findNearestMatch
WARNING: Unable to find CDP implementation matching 129
Oct 19, 2024 9:04:43 PM org.openqa.selenium.chromium.ChromiumDriver lambda$new$5
WARNING: Unable to find version of CDP to use for 129.0.6668.101. You may need to include a dependency on a specific version of the CDP using something similar to `org.seleniumhq.selenium:selenium-devtools-v86:4.16.1` where the version ("v86") matches the version of the chromium-based browser you're using and the version number of the artifact is the same as Selenium's.
Oct 19, 2024 9:04:43 PM org.openqa.selenium.devtools.CdpVersionFinder findNearestMatch
WARNING: Unable to find CDP implementation matching 129
Oct 19, 2024 9:04:43 PM org.openqa.selenium.chromium.ChromiumDriver lambda$new$5
WARNING: Unable to find version of CDP to use for 129.0.6668.101. You may need to include a dependency on a specific version of the CDP using something similar to `org.seleniumhq.selenium:selenium-devtools-v86:4.16.1` where the version ("v86") matches the version of the chromium-based browser you're using and the version number of the artifact is the same as Selenium's.
Oct 19, 2024 9:04:43 PM org.openqa.selenium.devtools.CdpVersionFinder findNearestMatch
WARNING: Unable to find CDP implementation matching 129
Oct 19, 2024 9:04:43 PM org.openqa.selenium.chromium.ChromiumDriver lambda$new$5
WARNING: Unable to find version of CDP to use for 129.0.6668.101. You may need to include a dependency on a specific version of the CDP using something similar to `org.seleniumhq.selenium:selenium-devtools-v86:4.16.1` where the version ("v86") matches the version of the chromium-based browser you're using and the version number of the artifact is the same as Selenium's.
Oct 19, 2024 9:04:43 PM org.openqa.selenium.devtools.CdpVersionFinder findNearestMatch
WARNING: Unable to find CDP implementation matching 129
Oct 19, 2024 9:04:43 PM org.openqa.selenium.chromium.ChromiumDriver lambda$new$5
WARNING: Unable to find version of CDP to use for 129.0.6668.101. You may need to include a dependency on a specific version of the CDP using something similar to `org.seleniumhq.selenium:selenium-devtools-v86:4.16.1` where the version ("v86") matches the version of the chromium-based browser you're using and the version number of the artifact is the same as Selenium's.
Oct 19, 2024 9:04:43 PM org.openqa.selenium.devtools.CdpVersionFinder findNearestMatch
WARNING: Unable to find CDP implementation matching 129
Oct 19, 2024 9:04:43 PM org.openqa.selenium.chromium.ChromiumDriver lambda$new$5
WARNING: Unable to find version of CDP to use for 129.0.6668.101. You may need to include a dependency on a specific version of the CDP using something similar to `org.seleniumhq.selenium:selenium-devtools-v86:4.16.1` where the version ("v86") matches the version of the chromium-based browser you're using and the version number of the artifact is the same as Selenium's.
Oct 19, 2024 9:04:43 PM org.openqa.selenium.devtools.CdpVersionFinder findNearestMatch
WARNING: Unable to find CDP implementation matching 129
Oct 19, 2024 9:04:43 PM org.openqa.selenium.chromium.ChromiumDriver lambda$new$5
WARNING: Unable to find version of CDP to use for 129.0.6668.101. You may need to include a dependency on a specific version of the CDP using something similar to `org.seleniumhq.selenium:selenium-devtools-v86:4.16.1` where the version ("v86") matches the version of the chromium-based browser you're using and the version number of the artifact is the same as Selenium's.
Oct 19, 2024 9:04:43 PM org.openqa.selenium.devtools.CdpVersionFinder findNearestMatch
WARNING: Unable to find CDP implementation matching 129
Oct 19, 2024 9:04:43 PM org.openqa.selenium.chromium.ChromiumDriver lambda$new$5
WARNING: Unable to find version of CDP to use for 129.0.6668.101. You may need to include a dependency on a specific version of the CDP using something similar to `org.seleniumhq.selenium:selenium-devtools-v86:4.16.1` where the version ("v86") matches the version of the chromium-based browser you're using and the version number of the artifact is the same as Selenium's.
Oct 19, 2024 9:04:44 PM org.openqa.selenium.devtools.CdpVersionFinder findNearestMatch
WARNING: Unable to find CDP implementation matching 129
Oct 19, 2024 9:04:44 PM org.openqa.selenium.chromium.ChromiumDriver lambda$new$5
WARNING: Unable to find version of CDP to use for 129.0.6668.101. You may need to include a dependency on a specific version of the CDP using something similar to `org.seleniumhq.selenium:selenium-devtools-v86:4.16.1` where the version ("v86") matches the version of the chromium-based browser you're using and the version number of the artifact is the same as Selenium's.
Oct 19, 2024 9:04:44 PM org.openqa.selenium.devtools.CdpVersionFinder findNearestMatch
WARNING: Unable to find CDP implementation matching 129
Oct 19, 2024 9:04:44 PM org.openqa.selenium.chromium.ChromiumDriver lambda$new$5
WARNING: Unable to find version of CDP to use for 129.0.6668.101. You may need to include a dependency on a specific version of the CDP using something similar to `org.seleniumhq.selenium:selenium-devtools-v86:4.16.1` where the version ("v86") matches the version of the chromium-based browser you're using and the version number of the artifact is the same as Selenium's.
Oct 19, 2024 9:04:45 PM org.openqa.selenium.devtools.CdpVersionFinder findNearestMatch
WARNING: Unable to find CDP implementation matching 129
Oct 19, 2024 9:04:45 PM org.openqa.selenium.chromium.ChromiumDriver lambda$new$5
WARNING: Unable to find version of CDP to use for 129.0.6668.101. You may need to include a dependency on a specific version of the CDP using something similar to `org.seleniumhq.selenium:selenium-devtools-v86:4.16.1` where the version ("v86") matches the version of the chromium-based browser you're using and the version number of the artifact is the same as Selenium's.
Oct 19, 2024 9:04:46 PM org.openqa.selenium.devtools.CdpVersionFinder findNearestMatch
WARNING: Unable to find CDP implementation matching 129
Oct 19, 2024 9:04:46 PM org.openqa.selenium.chromium.ChromiumDriver lambda$new$5
WARNING: Unable to find version of CDP to use for 129.0.6668.101. You may need to include a dependency on a specific version of the CDP using something similar to `org.seleniumhq.selenium:selenium-devtools-v86:4.16.1` where the version ("v86") matches the version of the chromium-based browser you're using and the version number of the artifact is the same as Selenium's.
Oct 19, 2024 9:04:47 PM org.openqa.selenium.devtools.CdpVersionFinder findNearestMatch
WARNING: Unable to find CDP implementation matching 129
Oct 19, 2024 9:04:47 PM org.openqa.selenium.chromium.ChromiumDriver lambda$new$5
WARNING: Unable to find version of CDP to use for 129.0.6668.101. You may need to include a dependency on a specific version of the CDP using something similar to `org.seleniumhq.selenium:selenium-devtools-v86:4.16.1` where the version ("v86") matches the version of the chromium-based browser you're using and the version number of the artifact is the same as Selenium's.
Oct 19, 2024 9:05:08 PM org.openqa.selenium.remote.http.WebSocket$Listener onError
WARNING: Connection reset
java.net.SocketException: Connection reset
	at java.base/sun.nio.ch.SocketChannelImpl.throwConnectionReset(SocketChannelImpl.java:394)
	at java.base/sun.nio.ch.SocketChannelImpl.read(SocketChannelImpl.java:426)
	at java.net.http/jdk.internal.net.http.SocketTube.readAvailable(SocketTube.java:1170)
	at java.net.http/jdk.internal.net.http.SocketTube$InternalReadPublisher$InternalReadSubscription.read(SocketTube.java:833)
	at java.net.http/jdk.internal.net.http.SocketTube$SocketFlowTask.run(SocketTube.java:181)
	at java.net.http/jdk.internal.net.http.common.SequentialScheduler$SchedulableTask.run(SequentialScheduler.java:230)
	at java.net.http/jdk.internal.net.http.common.SequentialScheduler.runOrSchedule(SequentialScheduler.java:303)
	at java.net.http/jdk.internal.net.http.common.SequentialScheduler.runOrSchedule(SequentialScheduler.java:256)
	at java.net.http/jdk.internal.net.http.SocketTube$InternalReadPublisher$InternalReadSubscription.signalReadable(SocketTube.java:774)
	at java.net.http/jdk.internal.net.http.SocketTube$InternalReadPublisher$ReadEvent.signalEvent(SocketTube.java:957)
	at java.net.http/jdk.internal.net.http.SocketTube$SocketFlowEvent.handle(SocketTube.java:253)
	at java.net.http/jdk.internal.net.http.HttpClientImpl$SelectorManager.handleEvent(HttpClientImpl.java:979)
	at java.net.http/jdk.internal.net.http.HttpClientImpl$SelectorManager.lambda$run$3(HttpClientImpl.java:934)
	at java.base/java.util.ArrayList.forEach(ArrayList.java:1511)
	at java.net.http/jdk.internal.net.http.HttpClientImpl$SelectorManager.run(HttpClientImpl.java:934)

Oct 19, 2024 9:05:09 PM org.openqa.selenium.remote.http.WebSocket$Listener onError
WARNING: Connection reset
java.net.SocketException: Connection reset
	at java.base/sun.nio.ch.SocketChannelImpl.throwConnectionReset(SocketChannelImpl.java:394)
	at java.base/sun.nio.ch.SocketChannelImpl.read(SocketChannelImpl.java:426)
	at java.net.http/jdk.internal.net.http.SocketTube.readAvailable(SocketTube.java:1170)
	at java.net.http/jdk.internal.net.http.SocketTube$InternalReadPublisher$InternalReadSubscription.read(SocketTube.java:833)
	at java.net.http/jdk.internal.net.http.SocketTube$SocketFlowTask.run(SocketTube.java:181)
	at java.net.http/jdk.internal.net.http.common.SequentialScheduler$SchedulableTask.run(SequentialScheduler.java:230)
	at java.net.http/jdk.internal.net.http.common.SequentialScheduler.runOrSchedule(SequentialScheduler.java:303)
	at java.net.http/jdk.internal.net.http.common.SequentialScheduler.runOrSchedule(SequentialScheduler.java:256)
	at java.net.http/jdk.internal.net.http.SocketTube$InternalReadPublisher$InternalReadSubscription.signalReadable(SocketTube.java:774)
	at java.net.http/jdk.internal.net.http.SocketTube$InternalReadPublisher$ReadEvent.signalEvent(SocketTube.java:957)
	at java.net.http/jdk.internal.net.http.SocketTube$SocketFlowEvent.handle(SocketTube.java:253)
	at java.net.http/jdk.internal.net.http.HttpClientImpl$SelectorManager.handleEvent(HttpClientImpl.java:979)
	at java.net.http/jdk.internal.net.http.HttpClientImpl$SelectorManager.lambda$run$3(HttpClientImpl.java:934)
	at java.base/java.util.ArrayList.forEach(ArrayList.java:1511)
	at java.net.http/jdk.internal.net.http.HttpClientImpl$SelectorManager.run(HttpClientImpl.java:934)

]]></system-err>
  </testcase>
  <testcase name="runScenario[&quot;Footer validation&quot;, &quot;Home Page Test&quot;](2)" classname="TestRunner.Runner" time="46.376">
    <failure message="timeout: Timed out receiving message from renderer: 17.687&#10;  (Session info: chrome=129.0.6668.101)&#10;Build info: version: &apos;4.16.1&apos;, revision: &apos;9b4c83354e&apos;&#10;System info: os.name: &apos;Windows 10&apos;, os.arch: &apos;amd64&apos;, os.version: &apos;10.0&apos;, java.version: &apos;17&apos;&#10;Driver info: org.openqa.selenium.chrome.ChromeDriver&#10;Command: [aa054ecbe4a9c686fe35d21b905decd5, get {url=https://sampleapp.tricentis.com/101/}]&#10;Capabilities {acceptInsecureCerts: false, browserName: chrome, browserVersion: 129.0.6668.101, chrome: {chromedriverVersion: 129.0.6668.89 (951c0b97221f..., userDataDir: C:\Users\HP\AppData\Local\T...}, fedcm:accounts: true, goog:chromeOptions: {debuggerAddress: localhost:60302}, networkConnectionEnabled: false, pageLoadStrategy: normal, platformName: windows, proxy: Proxy(), se:cdp: ws://localhost:60302/devtoo..., se:cdpVersion: 129.0.6668.101, setWindowRect: true, strictFileInteractability: false, timeouts: {implicit: 0, pageLoad: 300000, script: 30000}, unhandledPromptBehavior: dismiss and notify, webauthn:extension:credBlob: true, webauthn:extension:largeBlob: true, webauthn:extension:minPinLength: true, webauthn:extension:prf: true, webauthn:virtualAuthenticators: true}&#10;Session ID: aa054ecbe4a9c686fe35d21b905decd5" type="org.openqa.selenium.TimeoutException"><![CDATA[org.openqa.selenium.TimeoutException: 
timeout: Timed out receiving message from renderer: 17.687
  (Session info: chrome=129.0.6668.101)
Build info: version: '4.16.1', revision: '9b4c83354e'
System info: os.name: 'Windows 10', os.arch: 'amd64', os.version: '10.0', java.version: '17'
Driver info: org.openqa.selenium.chrome.ChromeDriver
Command: [aa054ecbe4a9c686fe35d21b905decd5, get {url=https://sampleapp.tricentis.com/101/}]
Capabilities {acceptInsecureCerts: false, browserName: chrome, browserVersion: 129.0.6668.101, chrome: {chromedriverVersion: 129.0.6668.89 (951c0b97221f..., userDataDir: C:\Users\HP\AppData\Local\T...}, fedcm:accounts: true, goog:chromeOptions: {debuggerAddress: localhost:60302}, networkConnectionEnabled: false, pageLoadStrategy: normal, platformName: windows, proxy: Proxy(), se:cdp: ws://localhost:60302/devtoo..., se:cdpVersion: 129.0.6668.101, setWindowRect: true, strictFileInteractability: false, timeouts: {implicit: 0, pageLoad: 300000, script: 30000}, unhandledPromptBehavior: dismiss and notify, webauthn:extension:credBlob: true, webauthn:extension:largeBlob: true, webauthn:extension:minPinLength: true, webauthn:extension:prf: true, webauthn:virtualAuthenticators: true}
Session ID: aa054ecbe4a9c686fe35d21b905decd5
	at java.base/jdk.internal.reflect.NativeConstructorAccessorImpl.newInstance0(Native Method)
	at java.base/jdk.internal.reflect.NativeConstructorAccessorImpl.newInstance(NativeConstructorAccessorImpl.java:77)
	at java.base/jdk.internal.reflect.DelegatingConstructorAccessorImpl.newInstance(DelegatingConstructorAccessorImpl.java:45)
	at java.base/java.lang.reflect.Constructor.newInstanceWithCaller(Constructor.java:499)
	at java.base/java.lang.reflect.Constructor.newInstance(Constructor.java:480)
	at org.openqa.selenium.remote.codec.w3c.W3CHttpResponseCodec.createException(W3CHttpResponseCodec.java:200)
	at org.openqa.selenium.remote.codec.w3c.W3CHttpResponseCodec.decode(W3CHttpResponseCodec.java:133)
	at org.openqa.selenium.remote.codec.w3c.W3CHttpResponseCodec.decode(W3CHttpResponseCodec.java:52)
	at org.openqa.selenium.remote.HttpCommandExecutor.execute(HttpCommandExecutor.java:191)
	at org.openqa.selenium.remote.service.DriverCommandExecutor.invokeExecute(DriverCommandExecutor.java:200)
	at org.openqa.selenium.remote.service.DriverCommandExecutor.execute(DriverCommandExecutor.java:175)
	at org.openqa.selenium.remote.RemoteWebDriver.execute(RemoteWebDriver.java:523)
	at org.openqa.selenium.remote.RemoteWebDriver.get(RemoteWebDriver.java:305)
	at com.stepDefs.Hooks.setUp(Hooks.java:33)
]]></failure>
    <system-out><![CDATA[      &amp#27;[31morg.openqa.selenium.TimeoutException: timeout: Timed out receiving message from renderer: 15.636
  (Session info: chrome=129.0.6668.101)
Build info: version: '4.16.1', revision: '9b4c83354e'
System info: os.name: 'Windows 10', os.arch: 'amd64', os.version: '10.0', java.version: '17'
Driver info: org.openqa.selenium.chrome.ChromeDriver
Command: [69f5b25fe57ad530dc7d8d594ccd222c, get {url=https://sampleapp.tricentis.com/101/}]
Capabilities {acceptInsecureCerts: false, browserName: chrome, browserVersion: 129.0.6668.101, chrome: {chromedriverVersion: 129.0.6668.89 (951c0b97221f..., userDataDir: C:\Users\HP\AppData\Local\T...}, fedcm:accounts: true, goog:chromeOptions: {debuggerAddress: localhost:60352}, networkConnectionEnabled: false, pageLoadStrategy: normal, platformName: windows, proxy: Proxy(), se:cdp: ws://localhost:60352/devtoo..., se:cdpVersion: 129.0.6668.101, setWindowRect: true, strictFileInteractability: false, timeouts: {implicit: 0, pageLoad: 300000, script: 30000}, unhandledPromptBehavior: dismiss and notify, webauthn:extension:credBlob: true, webauthn:extension:largeBlob: true, webauthn:extension:minPinLength: true, webauthn:extension:prf: true, webauthn:virtualAuthenticators: true}
Session ID: 69f5b25fe57ad530dc7d8d594ccd222c
	at java.base/jdk.internal.reflect.NativeConstructorAccessorImpl.newInstance0(Native Method)
	at java.base/jdk.internal.reflect.NativeConstructorAccessorImpl.newInstance(NativeConstructorAccessorImpl.java:77)
	at java.base/jdk.internal.reflect.DelegatingConstructorAccessorImpl.newInstance(DelegatingConstructorAccessorImpl.java:45)
	at java.base/java.lang.reflect.Constructor.newInstanceWithCaller(Constructor.java:499)
	at java.base/java.lang.reflect.Constructor.newInstance(Constructor.java:480)
	at org.openqa.selenium.remote.codec.w3c.W3CHttpResponseCodec.createException(W3CHttpResponseCodec.java:200)
	at org.openqa.selenium.remote.codec.w3c.W3CHttpResponseCodec.decode(W3CHttpResponseCodec.java:133)
	at org.openqa.selenium.remote.codec.w3c.W3CHttpResponseCodec.decode(W3CHttpResponseCodec.java:52)
	at org.openqa.selenium.remote.HttpCommandExecutor.execute(HttpCommandExecutor.java:191)
	at org.openqa.selenium.remote.service.DriverCommandExecutor.invokeExecute(DriverCommandExecutor.java:200)
	at org.openqa.selenium.remote.service.DriverCommandExecutor.execute(DriverCommandExecutor.java:175)
	at org.openqa.selenium.remote.RemoteWebDriver.execute(RemoteWebDriver.java:523)
	at org.openqa.selenium.remote.RemoteWebDriver.get(RemoteWebDriver.java:305)
	at com.stepDefs.Hooks.setUp(Hooks.java:33)
&amp#27;[0m
  &amp#27;[36mAnd &amp#27;[0m&amp#27;[36mUser verify page title is &amp#27;[0m&amp#27;[36m&amp#27;[1m"Tricentis Vehicle Insurance"&amp#27;[0m       &amp#27;[90m# com.stepDefs.CommonStepDefinitions.verifyPageTitle(java.lang.String)&amp#27;[0m
  &amp#27;[36mAnd &amp#27;[0m&amp#27;[36mUser click on camper link&amp#27;[0m                                     &amp#27;[90m# com.stepDefs.EnterVehicleDataPageStepDefs.clickOnCamperLink()&amp#27;[0m
  &amp#27;[36mAnd &amp#27;[0m&amp#27;[36mUser verify breadcrumb text is &amp#27;[0m&amp#27;[36m&amp#27;[1m"Camper Insurance"&amp#27;[0m             &amp#27;[90m# com.stepDefs.CommonStepDefinitions.verifyBreadCrumbText(java.lang.String)&amp#27;[0m
  &amp#27;[36mAnd &amp#27;[0m&amp#27;[36mUser verify Enter vehicle data tab is displayed on page&amp#27;[0m       &amp#27;[90m# com.stepDefs.EnterVehicleDataPageStepDefs.verifyDataTab()&amp#27;[0m
  &amp#27;[36mAnd &amp#27;[0m&amp#27;[36mUser verify Enter vehicle data tab count is &amp#27;[0m&amp#27;[36m&amp#27;[1m"9"&amp#27;[0m               &amp#27;[90m# com.stepDefs.EnterVehicleDataPageStepDefs.verifyDataTabCount(java.lang.String)&amp#27;[0m
  &amp#27;[36mAnd &amp#27;[0m&amp#27;[36mUser verify Enter insurant data tab is displayed on page&amp#27;[0m      &amp#27;[90m# com.stepDefs.EnterVehicleDataPageStepDefs.verifyInsurantDataTab()&amp#27;[0m
  &amp#27;[36mAnd &amp#27;[0m&amp#27;[36mUser verify Enter product data tab is displayed on page&amp#27;[0m       &amp#27;[90m# com.stepDefs.EnterVehicleDataPageStepDefs.verifyProductDataTab()&amp#27;[0m
[...]
timeout: Timed out receiving message from renderer: 18.300
  (Session info: chrome=129.0.6668.101)
Build info: version: '4.16.1', revision: '9b4c83354e'
System info: os.name: 'Windows 10', os.arch: 'amd64', os.version: '10.0', java.version: '17'
Driver info: org.openqa.selenium.chrome.ChromeDriver
Command: [08461dd8a929ac813919789a289b8c98, get {url=https://sampleapp.tricentis.com/101/}]
Capabilities {acceptInsecureCerts: false, browserName: chrome, browserVersion: 129.0.6668.101, chrome: {chromedriverVersion: 129.0.6668.89 (951c0b97221f..., userDataDir: C:\Users\HP\AppData\Local\T...}, fedcm:accounts: true, goog:chromeOptions: {debuggerAddress: localhost:60297}, networkConnectionEnabled: false, pageLoadStrategy: normal, platformName: windows, proxy: Proxy(), se:cdp: ws://localhost:60297/devtoo..., se:cdpVersion: 129.0.6668.101, setWindowRect: true, strictFileInteractability: false, timeouts: {implicit: 0, pageLoad: 300000, script: 30000}, unhandledPromptBehavior: dismiss and notify, webauthn:extension:credBlob: true, webauthn:extension:largeBlob: true, webauthn:extension:minPinLength: true, webauthn:extension:prf: true, webauthn:virtualAuthenticators: true}
Session ID: 08461dd8a929ac813919789a289b8c98
	at java.base/jdk.internal.reflect.NativeConstructorAccessorImpl.newInstance0(Native Method)
	at java.base/jdk.internal.reflect.NativeConstructorAccessorImpl.newInstance(NativeConstructorAccessorImpl.java:77)
	at java.base/jdk.internal.reflect.DelegatingConstructorAccessorImpl.newInstance(DelegatingConstructorAccessorImpl.java:45)
	at java.base/java.lang.reflect.Constructor.newInstanceWithCaller(Constructor.java:499)
	at java.base/java.lang.reflect.Constructor.newInstance(Constructor.java:480)
	at org.openqa.selenium.remote.codec.w3c.W3CHttpResponseCodec.createException(W3CHttpResponseCodec.java:200)
	at org.openqa.selenium.remote.codec.w3c.W3CHttpResponseCodec.decode(W3CHttpResponseCodec.java:133)
	at org.openqa.selenium.remote.codec.w3c.W3CHttpResponseCodec.decode(W3CHttpResponseCodec.java:52)
	at org.openqa.selenium.remote.HttpCommandExecutor.execute(HttpCommandExecutor.java:191)
	at org.openqa.selenium.remote.service.DriverCommandExecutor.invokeExecute(DriverCommandExecutor.java:200)
	at org.openqa.selenium.remote.service.DriverCommandExecutor.execute(DriverCommandExecutor.java:175)
	at org.openqa.selenium.remote.RemoteWebDriver.execute(RemoteWebDriver.java:523)
	at org.openqa.selenium.remote.RemoteWebDriver.get(RemoteWebDriver.java:305)
	at com.stepDefs.Hooks.setUp(Hooks.java:33)
]]></failure>
  </testcase>
  <testcase name="runScenario[&quot;Field validations truck&quot;, &quot;Enter vehicle data page&quot;](8)" classname="TestRunner.Runner" time="51.818">
    <failure message="timeout: Timed out receiving message from renderer: 20.000&#10;  (Session info: chrome=129.0.6668.101)&#10;Build info: version: &apos;4.16.1&apos;, revision: &apos;9b4c83354e&apos;&#10;System info: os.name: &apos;Windows 10&apos;, os.arch: &apos;amd64&apos;, os.version: &apos;10.0&apos;, java.version: &apos;17&apos;&#10;Driver info: org.openqa.selenium.chrome.ChromeDriver&#10;Command: [f261e4c27a172c14fe483c5ec7956fc6, getTitle {}]&#10;Capabilities {acceptInsecureCerts: false, browserName: chrome, browserVersion: 129.0.6668.101, chrome: {chromedriverVersion: 129.0.6668.89 (951c0b97221f..., userDataDir: C:\Users\HP\AppData\Local\T...}, fedcm:accounts: true, goog:chromeOptions: {debuggerAddress: localhost:60323}, networkConnectionEnabled: false, pageLoadStrategy: normal, platformName: windows, proxy: Proxy(), se:cdp: ws://localhost:60323/devtoo..., se:cdpVersion: 129.0.6668.101, setWindowRect: true, strictFileInteractability: false, timeouts: {implicit: 0, pageLoad: 300000, script: 30000}, unhandledPromptBehavior: dismiss and notify, webauthn:extension:credBlob: true, webauthn:extension:largeBlob: true, webauthn:extension:minPinLength: true, webauthn:extension:prf: true, webauthn:virtualAuthenticators: true}&#10;Session ID: f261e4c27a172c14fe483c5ec7956fc6" type="org.openqa.selenium.TimeoutException"><![CDATA[org.openqa.selenium.TimeoutException: 
timeout: Timed out receiving message from renderer: 20.000
  (Session info: chrome=129.0.6668.101)
Build info: version: '4.16.1', revision: '9b4c83354e'
System info: os.name: 'Windows 10', os.arch: 'amd64', os.version: '10.0', java.version: '17'
Driver info: org.openqa.selenium.chrome.ChromeDriver
Command: [f261e4c27a172c14fe483c5ec7956fc6, getTitle {}]
Capabilities {acceptInsecureCerts: false, browserName: chrome, browserVersion: 129.0.6668.101, chrome: {chromedriverVersion: 129.0.6668.89 (951c0b97221f..., userDataDir: C:\Users\HP\AppData\Local\T...}, fedcm:accounts: true, goog:chromeOptions: {debuggerAddress: localhost:60323}, networkConnectionEnabled: false, pageLoadStrategy: normal, platformName: windows, proxy: Proxy(), se:cdp: ws://localhost:60323/devtoo..., se:cdpVersion: 129.0.6668.101, setWindowRect: true, strictFileInteractability: false, timeouts: {implicit: 0, pageLoad: 300000, script: 30000}, unhandledPromptBehavior: dismiss and notify, webauthn:extension:credBlob: true, webauthn:extension:largeBlob: true, webauthn:extension:minPinLength: true, webauthn:extension:prf: true, webauthn:virtualAuthenticators: true}
Session ID: f261e4c27a172c14fe483c5ec7956fc6
	at java.base/jdk.internal.reflect.NativeConstructorAccessorImpl.newInstance0(Native Method)
	at java.base/jdk.internal.reflect.NativeConstructorAccessorImpl.newInstance(NativeConstructorAccessorImpl.java:77)
	at java.base/jdk.internal.reflect.DelegatingConstructorAccessorImpl.newInstance(DelegatingConstructorAccessorImpl.java:45)
	at java.base/java.lang.reflect.Constructor.newInstanceWithCaller(Constructor.java:499)
	at java.base/java.lang.reflect.Constructor.newInstance(Constructor.java:480)
	at org.openqa.selenium.remote.codec.w3c.W3CHttpResponseCodec.createException(W3CHttpResponseCodec.java:200)
	at org.openqa.selenium.remote.codec.w3c.W3CHttpResponseCodec.decode(W3CHttpResponseCodec.java:133)
	at org.openqa.selenium.remote.codec.w3c.W3CHttpResponseCodec.decode(W3CHttpResponseCodec.java:52)
	at org.openqa.selenium.remote.HttpCommandExecutor.execute(HttpCommandExecutor.java:191)
	at org.openqa.selenium.remote.service.DriverCommandExecutor.invokeExecute(DriverCommandExecutor.java:200)
	at org.openqa.selenium.remote.service.DriverCommandExecutor.execute(DriverCommandExecutor.java:175)
	at org.openqa.selenium.remote.RemoteWebDriver.execute(RemoteWebDriver.java:523)
	at org.openqa.selenium.remote.RemoteWebDriver.execute(RemoteWebDriver.java:596)
	at org.openqa.selenium.remote.RemoteWebDriver.execute(RemoteWebDriver.java:600)
	at org.openqa.selenium.remote.RemoteWebDriver.getTitle(RemoteWebDriver.java:310)
	at com.stepDefs.CommonStepDefinitions.verifyPageTitle(CommonStepDefinitions.java:48)
	at ✽.User verify page title is "Tricentis Vehicle Insurance"(file:///C:/Users/HP/eclipse-workspace/Cucumber_AutoFrwrk_InsuranceApp/src/test/resources/features/enter_vehicle_data_page.feature:24)
]]></failure>
  </testcase>
  <testcase name="runScenario[&quot;Welcome block validation&quot;, &quot;Home Page Test&quot;](8)" classname="TestRunner.Runner" time="52.032">
    <failure message="no such element: Unable to locate element: {&quot;method&quot;:&quot;xpath&quot;,&quot;selector&quot;:&quot;//div[@class=&apos;fullwidth-block greet-section&apos;]//div[@class=&apos;feature&apos;]//img[contains(@src,&apos;app_icon_24@2x.png&apos;)]&quot;}&#10;  (Session info: chrome=129.0.6668.101)&#10;For documentation on this error, please visit: https://www.selenium.dev/documentation/webdriver/troubleshooting/errors#no-such-element-exception&#10;Build info: version: &apos;4.16.1&apos;, revision: &apos;9b4c83354e&apos;&#10;System info: os.name: &apos;Windows 10&apos;, os.arch: &apos;amd64&apos;, os.version: &apos;10.0&apos;, java.version: &apos;17&apos;&#10;Driver info: org.openqa.selenium.chrome.ChromeDriver&#10;Command: [8ab5c8910ee7ac97d3503bea40c9376f, findElement {using=xpath, value=//div[@class=&apos;fullwidth-block greet-section&apos;]//div[@class=&apos;feature&apos;]//img[contains(@src,&apos;app_icon_24@2x.png&apos;)]}]&#10;Capabilities {acceptInsecureCerts: false, browserName: chrome, browserVersion: 129.0.6668.101, chrome: {chromedriverVersion: 129.0.6668.89 (951c0b97221f..., userDataDir: C:\Users\HP\AppData\Local\T...}, fedcm:accounts: true, goog:chromeOptions: {debuggerAddress: localhost:60294}, networkConnectionEnabled: false, pageLoadStrategy: normal, platformName: windows, proxy: Proxy(), se:cdp: ws://localhost:60294/devtoo..., se:cdpVersion: 129.0.6668.101, setWindowRect: true, strictFileInteractability: false, timeouts: {implicit: 0, pageLoad: 300000, script: 30000}, unhandledPromptBehavior: dismiss and notify, webauthn:extension:credBlob: true, webauthn:extension:largeBlob: true, webauthn:extension:minPinLength: true, webauthn:extension:prf: true, webauthn:virtualAuthenticators: true}&#10;Session ID: 8ab5c8910ee7ac97d3503bea40c9376f" type="org.openqa.selenium.NoSuchElementException"><![CDATA[org.openqa.selenium.NoSuchElementException: 
no such element: Unable to locate element: {"method":"xpath","selector":"//div[@class='fullwidth-block greet-section']//div[@class='feature']//img[contains(@src,'app_icon_24@2x.png')]"}
  (Session info: chrome=129.0.6668.101)
For documentation on this error, please visit: https://www.selenium.dev/documentation/webdriver/troubleshooting/errors#no-such-element-exception
Build info: version: '4.16.1', revision: '9b4c83354e'
System info: os.name: 'Windows 10', os.arch: 'amd64', os.version: '10.0', java.version: '17'
Driver info: org.openqa.selenium.chrome.ChromeDriver
Command: [8ab5c8910ee7ac97d3503bea40c9376f, findElement {using=xpath, value=//div[@class='fullwidth-block greet-section']//div[@class='feature']//img[contains(@src,'app_icon_24@2x.png')]}]
Capabilities {acceptInsecureCerts: false, browserName: chrome, browserVersion: 129.0.6668.101, chrome: {chromedriverVersion: 129.0.6668.89 (951c0b97221f..., userDataDir: C:\Users\HP\AppData\Local\T...}, fedcm:accounts: true, goog:chromeOptions: {debuggerAddress: localhost:60294}, networkConnectionEnabled: false, pageLoadStrategy: normal, platformName: windows, proxy: Proxy(), se:cdp: ws://localhost:60294/devtoo..., se:cdpVersion: 129.0.6668.101, setWindowRect: true, strictFileInteractability: false, timeouts: {implicit: 0, pageLoad: 300000, script: 30000}, unhandledPromptBehavior: dismiss and notify, webauthn:extension:credBlob: true, webauthn:extension:largeBlob: true, webauthn:extension:minPinLength: true, webauthn:extension:prf: true, webauthn:virtualAuthenticators: true}
Session ID: 8ab5c8910ee7ac97d3503bea40c9376f
	at java.base/jdk.internal.reflect.NativeConstructorAccessorImpl.newInstance0(Native Method)
	at java.base/jdk.internal.reflect.NativeConstructorAccessorImpl.newInstance(NativeConstructorAccessorImpl.java:77)
	at java.base/jdk.internal.reflect.DelegatingConstructorAccessorImpl.newInstance(DelegatingConstructorAccessorImpl.java:45)
	at java.base/java.lang.reflect.Constructor.newInstanceWithCaller(Constructor.java:499)
	at java.base/java.lang.reflect.Constructor.newInstance(Constructor.java:480)
	at org.openqa.selenium.remote.codec.w3c.W3CHttpResponseCodec.createException(W3CHttpResponseCodec.java:200)
	at org.openqa.selenium.remote.codec.w3c.W3CHttpResponseCodec.decode(W3CHttpResponseCodec.java:133)
	at org.openqa.selenium.remote.codec.w3c.W3CHttpResponseCodec.decode(W3CHttpResponseCodec.java:52)
	at org.openqa.selenium.remote.HttpCommandExecutor.execute(HttpCommandExecutor.java:191)
	at org.openqa.selenium.remote.service.DriverCommandExecutor.invokeExecute(DriverCommandExecutor.java:200)
	at org.openqa.selenium.remote.service.DriverCommandExecutor.execute(DriverCommandExecutor.java:175)
	at org.openqa.selenium.remote.RemoteWebDriver.execute(RemoteWebDriver.java:523)
	at org.openqa.selenium.remote.ElementLocation$ElementFinder$2.findElement(ElementLocation.java:165)
	at org.openqa.selenium.remote.ElementLocation.findElement(ElementLocation.java:59)
	at org.openqa.selenium.remote.RemoteWebDriver.findElement(RemoteWebDriver.java:360)
	at org.openqa.selenium.remote.RemoteWebDriver.findElement(RemoteWebDriver.java:354)
	at com.stepDefs.HomePageStepDefinitions.verifyWelcomeContainerFeatures(HomePageStepDefinitions.java:110)
	at ✽.User verify features are displayed below welcome container(file:///C:/Users/HP/eclipse-workspace/Cucumber_AutoFrwrk_InsuranceApp/src/test/resources/features/home_page.feature:25)
]]></failure>
  </testcase>
  <testcase name="runScenario[&quot;Field validations automobile&quot;, &quot;Enter vehicle data page&quot;](9)" classname="TestRunner.Runner" time="52.041">
    <failure message="timeout: Timed out receiving message from renderer: 18.546&#10;  (Session info: chrome=129.0.6668.101)&#10;Build info: version: &apos;4.16.1&apos;, revision: &apos;9b4c83354e&apos;&#10;System info: os.name: &apos;Windows 10&apos;, os.arch: &apos;amd64&apos;, os.version: &apos;10.0&apos;, java.version: &apos;17&apos;&#10;Driver info: org.openqa.selenium.chrome.ChromeDriver&#10;Command: [500238a17460c426180e2cc0d5060df1, get {url=https://sampleapp.tricentis.com/101/}]&#10;Capabilities {acceptInsecureCerts: false, browserName: chrome, browserVersion: 129.0.6668.101, chrome: {chromedriverVersion: 129.0.6668.89 (951c0b97221f..., userDataDir: C:\Users\HP\AppData\Local\T...}, fedcm:accounts: true, goog:chromeOptions: {debuggerAddress: localhost:60349}, networkConnectionEnabled: false, pageLoadStrategy: normal, platformName: windows, proxy: Proxy(), se:cdp: ws://localhost:60349/devtoo..., se:cdpVersion: 129.0.6668.101, setWindowRect: true, strictFileInteractability: false, timeouts: {implicit: 0, pageLoad: 300000, script: 30000}, unhandledPromptBehavior: dismiss and notify, webauthn:extension:credBlob: true, webauthn:extension:largeBlob: true, webauthn:extension:minPinLength: true, webauthn:extension:prf: true, webauthn:virtualAuthenticators: true}&#10;Session ID: 500238a17460c426180e2cc0d5060df1" type="org.openqa.selenium.TimeoutException"><![CDATA[org.openqa.selenium.TimeoutException: 
timeout: Timed out receiving message from renderer: 18.546
  (Session info: chrome=129.0.6668.101)
Build info: version: '4.16.1', revision: '9b4c83354e'
System info: os.name: 'Windows 10', os.arch: 'amd64', os.version: '10.0', java.version: '17'
Driver info: org.openqa.selenium.chrome.ChromeDriver
Command: [500238a17460c426180e2cc0d5060df1, get {url=https://sampleapp.tricentis.com/101/}]
Capabilities {acceptInsecureCerts: false, browserName: chrome, browserVersion: 129.0.6668.101, chrome: {chromedriverVersion: 129.0.6668.89 (951c0b97221f..., userDataDir: C:\Users\HP\AppData\Local\T...}, fedcm:accounts: true, goog:chromeOptions: {debuggerAddress: localhost:60349}, networkConnectionEnabled: false, pageLoadStrategy: normal, platformName: windows, proxy: Proxy(), se:cdp: ws://localhost:60349/devtoo..., se:cdpVersion: 129.0.6668.101, setWindowRect: true, strictFileInteractability: false, timeouts: {implicit: 0, pageLoad: 300000, script: 30000}, unhandledPromptBehavior: dismiss and notify, webauthn:extension:credBlob: true, webauthn:extension:largeBlob: true, webauthn:extension:minPinLength: true, webauthn:extension:prf: true, webauthn:virtualAuthenticators: true}
Session ID: 500238a17460c426180e2cc0d5060df1
	at java.base/jdk.internal.reflect.NativeConstructorAccessorImpl.newInstance0(Native Method)
	at java.base/jdk.internal.reflect.NativeConstructorAccessorImpl.newInstance(NativeConstructorAccessorImpl.java:77)
	at java.base/jdk.internal.reflect.DelegatingConstructorAccessorImpl.newInstance(DelegatingConstructorAccessorImpl.java:45)
	at java.base/java.lang.reflect.Constructor.newInstanceWithCaller(Constructor.java:499)
	at java.base/java.lang.reflect.Constructor.newInstance(Constructor.java:480)
	at org.openqa.selenium.remote.codec.w3c.W3CHttpResponseCodec.createException(W3CHttpResponseCodec.java:200)
	at org.openqa.selenium.remote.codec.w3c.W3CHttpResponseCodec.decode(W3CHttpResponseCodec.java:133)
	at org.openqa.selenium.remote.codec.w3c.W3CHttpResponseCodec.decode(W3CHttpResponseCodec.java:52)
	at org.openqa.selenium.remote.HttpCommandExecutor.execute(HttpCommandExecutor.java:191)
	at org.openqa.selenium.remote.service.DriverCommandExecutor.invokeExecute(DriverCommandExecutor.java:200)
	at org.openqa.selenium.remote.service.DriverCommandExecutor.execute(DriverCommandExecutor.java:175)
	at org.openqa.selenium.remote.RemoteWebDriver.execute(RemoteWebDriver.java:523)
	at org.openqa.selenium.remote.RemoteWebDriver.get(RemoteWebDriver.java:305)
	at com.stepDefs.Hooks.setUp(Hooks.java:33)
]]></failure>
  </testcase>
  <testcase name="runScenario[&quot;Slider validation&quot;, &quot;Home Page Test&quot;](9)" classname="TestRunner.Runner" time="67.708">
    <system-out><![CDATA[  &amp#27;[32mAnd &amp#27;[0m&amp#27;[32mUser verify the slidders displayed on page&amp#27;[0m              &amp#27;[90m# com.stepDefs.HomePageStepDefinitions.verifySlider()&amp#27;[0m
]]></system-out>
    <system-err><![CDATA[Oct 19, 2024 9:05:30 PM org.openqa.selenium.remote.http.WebSocket$Listener onError
WARNING: Connection reset
java.net.SocketException: Connection reset
	at java.base/sun.nio.ch.SocketChannelImpl.throwConnectionReset(SocketChannelImpl.java:394)
	at java.base/sun.nio.ch.SocketChannelImpl.read(SocketChannelImpl.java:426)
	at java.net.http/jdk.internal.net.http.SocketTube.readAvailable(SocketTube.java:1170)
	at java.net.http/jdk.internal.net.http.SocketTube$InternalReadPublisher$InternalReadSubscription.read(SocketTube.java:833)
	at java.net.http/jdk.internal.net.http.SocketTube$SocketFlowTask.run(SocketTube.java:181)
	at java.net.http/jdk.internal.net.http.common.SequentialScheduler$SchedulableTask.run(SequentialScheduler.java:230)
	at java.net.http/jdk.internal.net.http.common.SequentialScheduler.runOrSchedule(SequentialScheduler.java:303)
	at java.net.http/jdk.internal.net.http.common.SequentialScheduler.runOrSchedule(SequentialScheduler.java:256)
	at java.net.http/jdk.internal.net.http.SocketTube$InternalReadPublisher$InternalReadSubscription.signalReadable(SocketTube.java:774)
	at java.net.http/jdk.internal.net.http.SocketTube$InternalReadPublisher$ReadEvent.signalEvent(SocketTube.java:957)
	at java.net.http/jdk.internal.net.http.SocketTube$SocketFlowEvent.handle(SocketTube.java:253)
	at java.net.http/jdk.internal.net.http.HttpClientImpl$SelectorManager.handleEvent(HttpClientImpl.java:979)
	at java.net.http/jdk.internal.net.http.HttpClientImpl$SelectorManager.lambda$run$3(HttpClientImpl.java:934)
	at java.base/java.util.ArrayList.forEach(ArrayList.java:1511)
	at java.net.http/jdk.internal.net.http.HttpClientImpl$SelectorManager.run(HttpClientImpl.java:934)

]]></system-err>
  </testcase>
</testsuite>